#
# A fatal error has been detected by the Java Runtime Environment:
#
#  SIGSEGV (0xb) at pc=0x00007f9d2704cff9, pid=13165, tid=140312953161472
#
# JRE version: Java(TM) SE Runtime Environment (8.0_40-b25) (build 1.8.0_40-b25)
# Java VM: Java HotSpot(TM) 64-Bit Server VM (25.40-b25 mixed mode linux-amd64 compressed oops)
# Problematic frame:
# C  [libc.so.6+0x97ff9]
#
# Failed to write core dump. Core dumps have been disabled. To enable core dumping, try "ulimit -c unlimited" before starting Java again
#
# If you would like to submit a bug report, please visit:
#   http://bugreport.java.com/bugreport/crash.jsp
# The crash happened outside the Java Virtual Machine in native code.
# See problematic frame for where to report the bug.
#

---------------  T H R E A D  ---------------

Current thread (0x00007f9d2000b800):  JavaThread "main" [_thread_in_native, id=13167, stack(0x00007f9d27ab0000,0x00007f9d27bb1000)]

siginfo: si_signo: 11 (SIGSEGV), si_code: 1 (SEGV_MAPERR), si_addr: 0x0000000000000000

Registers:
RAX=0x00007f9cc45a3010, RBX=0x00007f9d2052bf50, RCX=0x00000000001c2000, RDX=0x00000000000e1000
RSP=0x00007f9d27baef48, RBP=0x00007f9d2052c078, RSI=0x00007f9cc4684010, RDI=0x0000000000000000
R8 =0x0000000000000000, R9 =0x0000000000000000, R10=0x0000000000000000, R11=0x0000000000000246
R12=0x0000000000000000, R13=0x00007f9d10a3b330, R14=0x00007f9d27baf010, R15=0x00007f9d2000b800
RIP=0x00007f9d2704cff9, EFLAGS=0x0000000000010202, CSGSFS=0x0000000000000033, ERR=0x0000000000000006
  TRAPNO=0x000000000000000e

Top of Stack: (sp=0x00007f9d27baef48)
0x00007f9d27baef48:   00007f9d0225ce7d 00007f9d2000b800
0x00007f9d27baef58:   00007f9d2000b9f8 00007f9d27baeff0
0x00007f9d27baef68:   00007f9cc96adb20 0000000000000000
0x00007f9d27baef78:   00007f9d10a282c8 00007f9d10a3b330
0x00007f9d27baef88:   00007f9d27baeff0 0000000000000000
0x00007f9d27baef98:   00007f9d11015994 0000000000000000
0x00007f9d27baefa8:   00007f9d1100f578 00007f9d27baefb0
0x00007f9d27baefb8:   0000000000000000 00007f9d27baf010
0x00007f9d27baefc8:   00007f9d10a44f10 0000000000000000
0x00007f9d27baefd8:   00007f9d10a3b330 0000000000000000
0x00007f9d27baefe8:   00007f9d27baf010 00007f9d27baf058
0x00007f9d27baeff8:   00007f9d110079d0 00000000ebe2f180
0x00007f9d27baf008:   00007f9d1100f57b 00000000ec6777d0
0x00007f9d27baf018:   00007f9d27baf018 00007f9d10a1b0a2
0x00007f9d27baf028:   00007f9d27baf0d8 00007f9d10a313f0
0x00007f9d27baf038:   0000000000000000 00007f9d10a1b368
0x00007f9d27baf048:   00007f9d27baf010 00007f9d27baf0d8
0x00007f9d27baf058:   00007f9d27baf140 00007f9d110007a7
0x00007f9d27baf068:   0000000000000000 0000000000000000
0x00007f9d27baf078:   0000000000000000 0000000000000000
0x00007f9d27baf088:   0000000000000000 0000000000000000
0x00007f9d27baf098:   0000000000000000 00000000ec68e1d8
0x00007f9d27baf0a8:   00000000ec680f20 00000000ec67aac8
0x00007f9d27baf0b8:   00000000ec67aaa0 00000000ebdf6008
0x00007f9d27baf0c8:   00000000ebdf5fc8 00000000ebdf5f80
0x00007f9d27baf0d8:   00000000ebd44618 0000000000001fa0
0x00007f9d27baf0e8:   0000000000000000 00007f9d2000b800
0x00007f9d27baf0f8:   00007f9d27baf1c0 00007f9d27baf4d0
0x00007f9d27baf108:   00007f9d27baf180 00007f9d27baf180
0x00007f9d27baf118:   00007f9d27baf4d8 00007f9d0000000a
0x00007f9d27baf128:   00007f9d10a1b368 00007f9d11010c00
0x00007f9d27baf138:   00007f9d27baf3c8 00007f9d27baf2b0 

Instructions: (pc=0x00007f9d2704cff9)
0x00007f9d2704cfd9:   f8 48 29 d0 48 39 c8 0f 82 07 01 00 00 48 83 fa
0x00007f9d2704cfe9:   10 0f 86 8b 01 00 00 f3 44 0f 6f 06 48 83 fa 20
0x00007f9d2704cff9:   f3 44 0f 7f 07 f3 44 0f 6f 44 16 f0 f3 44 0f 7f
0x00007f9d2704d009:   44 17 f0 77 12 48 89 f8 c3 66 66 66 66 66 2e 0f 

Register to memory mapping:

RAX=0x00007f9cc45a3010: <offset 0x131010> in /usr/lib/x86_64-linux-gnu/gtk-2.0/modules/liboverlay-scrollbar.so at 0x00007f9cc4472000
RBX=0x00007f9d2052bf50 is an unknown value
RCX=0x00000000001c2000 is an unknown value
RDX=0x00000000000e1000 is an unknown value
RSP=0x00007f9d27baef48 is pointing into the stack for thread: 0x00007f9d2000b800
RBP=0x00007f9d2052c078 is an unknown value
RSI=0x00007f9cc4684010 is an unknown value
RDI=0x0000000000000000 is an unknown value
R8 =0x0000000000000000 is an unknown value
R9 =0x0000000000000000 is an unknown value
R10=0x0000000000000000 is an unknown value
R11=0x0000000000000246 is an unknown value
R12=0x0000000000000000 is an unknown value
R13={method} {0x00007f9d10a3b330} 'cvQueryFrame' '(Lorg/bytedeco/javacpp/opencv_highgui$CvCapture;)Lorg/bytedeco/javacpp/opencv_core$IplImage;' in 'org/bytedeco/javacpp/opencv_highgui'
R14=0x00007f9d27baf010 is pointing into the stack for thread: 0x00007f9d2000b800
R15=0x00007f9d2000b800 is a thread


Stack: [0x00007f9d27ab0000,0x00007f9d27bb1000],  sp=0x00007f9d27baef48,  free space=1019k
Native frames: (J=compiled Java code, j=interpreted, Vv=VM code, C=native code)
C  [libc.so.6+0x97ff9]

Java frames: (J=compiled Java code, j=interpreted, Vv=VM code)
j  org.bytedeco.javacpp.opencv_highgui.cvQueryFrame(Lorg/bytedeco/javacpp/opencv_highgui$CvCapture;)Lorg/bytedeco/javacpp/opencv_core$IplImage;+0
j  Main.main([Ljava/lang/String;)V+74
v  ~StubRoutines::call_stub
j  sun.reflect.NativeMethodAccessorImpl.invoke0(Ljava/lang/reflect/Method;Ljava/lang/Object;[Ljava/lang/Object;)Ljava/lang/Object;+0
j  sun.reflect.NativeMethodAccessorImpl.invoke(Ljava/lang/Object;[Ljava/lang/Object;)Ljava/lang/Object;+100
j  sun.reflect.DelegatingMethodAccessorImpl.invoke(Ljava/lang/Object;[Ljava/lang/Object;)Ljava/lang/Object;+6
j  java.lang.reflect.Method.invoke(Ljava/lang/Object;[Ljava/lang/Object;)Ljava/lang/Object;+56
j  com.intellij.rt.execution.application.AppMain.main([Ljava/lang/String;)V+163
v  ~StubRoutines::call_stub

---------------  P R O C E S S  ---------------

Java Threads: ( => current thread )
  0x00007f9d2035d800 JavaThread "Monitor Ctrl-Break" daemon [_thread_in_native, id=13195, stack(0x00007f9d0820b000,0x00007f9d0830c000)]
  0x00007f9d200c2800 JavaThread "Service Thread" daemon [_thread_blocked, id=13193, stack(0x00007f9d0865a000,0x00007f9d0875b000)]
  0x00007f9d200bd800 JavaThread "C1 CompilerThread2" daemon [_thread_blocked, id=13192, stack(0x00007f9d0875b000,0x00007f9d0885c000)]
  0x00007f9d200bb800 JavaThread "C2 CompilerThread1" daemon [_thread_blocked, id=13191, stack(0x00007f9d0885c000,0x00007f9d0895d000)]
  0x00007f9d200b9000 JavaThread "C2 CompilerThread0" daemon [_thread_blocked, id=13190, stack(0x00007f9d0895d000,0x00007f9d08a5e000)]
  0x00007f9d200b7800 JavaThread "Signal Dispatcher" daemon [_thread_blocked, id=13189, stack(0x00007f9d08a5e000,0x00007f9d08b5f000)]
  0x00007f9d20080800 JavaThread "Finalizer" daemon [_thread_blocked, id=13182, stack(0x00007f9d09372000,0x00007f9d09473000)]
  0x00007f9d2007e800 JavaThread "Reference Handler" daemon [_thread_blocked, id=13179, stack(0x00007f9d09473000,0x00007f9d09574000)]
=>0x00007f9d2000b800 JavaThread "main" [_thread_in_native, id=13167, stack(0x00007f9d27ab0000,0x00007f9d27bb1000)]

Other Threads:
  0x00007f9d20079800 VMThread [stack: 0x00007f9d09574000,0x00007f9d09675000] [id=13177]
  0x00007f9d200c5800 WatcherThread [stack: 0x00007f9d08559000,0x00007f9d0865a000] [id=13194]

VM state:not at safepoint (normal execution)

VM Mutex/Monitor currently owned by a thread: None

Heap:
 PSYoungGen      total 18432K, used 12114K [0x00000000ebb00000, 0x00000000ecf80000, 0x0000000100000000)
  eden space 15872K, 76% used [0x00000000ebb00000,0x00000000ec6d4be8,0x00000000eca80000)
  from space 2560K, 0% used [0x00000000ecd00000,0x00000000ecd00000,0x00000000ecf80000)
  to   space 2560K, 0% used [0x00000000eca80000,0x00000000eca80000,0x00000000ecd00000)
 ParOldGen       total 42496K, used 0K [0x00000000c3000000, 0x00000000c5980000, 0x00000000ebb00000)
  object space 42496K, 0% used [0x00000000c3000000,0x00000000c3000000,0x00000000c5980000)
 Metaspace       used 5851K, capacity 6438K, committed 6656K, reserved 1056768K
  class space    used 628K, capacity 657K, committed 768K, reserved 1048576K

Card table byte_map: [0x00007f9d246a4000,0x00007f9d2488d000] byte_map_base: 0x00007f9d2408c000

Marking Bits: (ParMarkBitMap*) 0x00007f9d26f8a6c0
 Begin Bits: [0x00007f9d0a180000, 0x00007f9d0b0c0000)
 End Bits:   [0x00007f9d0b0c0000, 0x00007f9d0c000000)

Polling page: 0x00007f9d27bd1000

CodeCache: size=245760Kb used=2370Kb max_used=2370Kb free=243389Kb
 bounds [0x00007f9d11000000, 0x00007f9d11270000, 0x00007f9d20000000]
 total_blobs=888 nmethods=491 adapters=311
 compilation: enabled

Compilation events (10 events):
Event: 0,847 Thread 0x00007f9d200bd800  487       3       java.io.File::getAbsolutePath (8 bytes)
Event: 0,851 Thread 0x00007f9d200bd800 nmethod 487 0x00007f9d1124b990 code [0x00007f9d1124bba0, 0x00007f9d1124c348]
Event: 0,851 Thread 0x00007f9d200bd800  490       3       java.net.URI::quote (208 bytes)
Event: 0,853 Thread 0x00007f9d200bd800 nmethod 490 0x00007f9d1124c7d0 code [0x00007f9d1124cb20, 0x00007f9d1124eee8]
Event: 0,853 Thread 0x00007f9d200bd800  488   !   3       com.sun.proxy.$Proxy1::value (29 bytes)
Event: 0,854 Thread 0x00007f9d200bd800 nmethod 488 0x00007f9d112502d0 code [0x00007f9d11250460, 0x00007f9d11250838]
Event: 0,854 Thread 0x00007f9d200bd800  489   !   3       com.sun.proxy.$Proxy1::not (29 bytes)
Event: 0,854 Thread 0x00007f9d200bd800 nmethod 489 0x00007f9d11250a50 code [0x00007f9d11250be0, 0x00007f9d11250fb8]
Event: 1,323 Thread 0x00007f9d200bd800  491       1       java.util.Arrays$ArrayList::get (7 bytes)
Event: 1,323 Thread 0x00007f9d200bd800 nmethod 491 0x00007f9d112511d0 code [0x00007f9d11251320, 0x00007f9d11251450]

GC Heap History (0 events):
No events

Deoptimization events (1 events):
Event: 0,173 Thread 0x00007f9d2000b800 Uncommon trap: reason=unstable_if action=reinterpret pc=0x00007f9d11133d1c method=java.lang.String.hashCode()I @ 14

Internal exceptions (10 events):
Event: 0,167 Thread 0x00007f9d2000b800 Exception <a 'java/security/PrivilegedActionException'> (0x00000000ebd1a858) thrown at [/HUDSON/workspace/8-2-build-linux-amd64/jdk8u40/2855/hotspot/src/share/vm/prims/jvm.cpp, line 1382]
Event: 0,167 Thread 0x00007f9d2000b800 Exception <a 'java/security/PrivilegedActionException'> (0x00000000ebd1aa10) thrown at [/HUDSON/workspace/8-2-build-linux-amd64/jdk8u40/2855/hotspot/src/share/vm/prims/jvm.cpp, line 1382]
Event: 0,168 Thread 0x00007f9d2000b800 Exception <a 'java/security/PrivilegedActionException'> (0x00000000ebd1f318) thrown at [/HUDSON/workspace/8-2-build-linux-amd64/jdk8u40/2855/hotspot/src/share/vm/prims/jvm.cpp, line 1382]
Event: 0,168 Thread 0x00007f9d2000b800 Exception <a 'java/security/PrivilegedActionException'> (0x00000000ebd1f4d0) thrown at [/HUDSON/workspace/8-2-build-linux-amd64/jdk8u40/2855/hotspot/src/share/vm/prims/jvm.cpp, line 1382]
Event: 0,168 Thread 0x00007f9d2000b800 Exception <a 'java/security/PrivilegedActionException'> (0x00000000ebd1fe80) thrown at [/HUDSON/workspace/8-2-build-linux-amd64/jdk8u40/2855/hotspot/src/share/vm/prims/jvm.cpp, line 1382]
Event: 0,168 Thread 0x00007f9d2000b800 Exception <a 'java/security/PrivilegedActionException'> (0x00000000ebd20038) thrown at [/HUDSON/workspace/8-2-build-linux-amd64/jdk8u40/2855/hotspot/src/share/vm/prims/jvm.cpp, line 1382]
Event: 0,204 Thread 0x00007f9d2000b800 Exception <a 'java/security/PrivilegedActionException'> (0x00000000ebe5beb8) thrown at [/HUDSON/workspace/8-2-build-linux-amd64/jdk8u40/2855/hotspot/src/share/vm/prims/jvm.cpp, line 1382]
Event: 0,204 Thread 0x00007f9d2000b800 Exception <a 'java/security/PrivilegedActionException'> (0x00000000ebe5c070) thrown at [/HUDSON/workspace/8-2-build-linux-amd64/jdk8u40/2855/hotspot/src/share/vm/prims/jvm.cpp, line 1382]
Event: 0,205 Thread 0x00007f9d2000b800 Exception <a 'java/security/PrivilegedActionException'> (0x00000000ebe5e400) thrown at [/HUDSON/workspace/8-2-build-linux-amd64/jdk8u40/2855/hotspot/src/share/vm/prims/jvm.cpp, line 1382]
Event: 0,205 Thread 0x00007f9d2000b800 Exception <a 'java/security/PrivilegedActionException'> (0x00000000ebe5e5b8) thrown at [/HUDSON/workspace/8-2-build-linux-amd64/jdk8u40/2855/hotspot/src/share/vm/prims/jvm.cpp, line 1382]

Events (10 events):
Event: 0,670 loading class org/bytedeco/javacpp/opencv_highgui$CvButtonCallback
Event: 0,670 loading class org/bytedeco/javacpp/opencv_highgui$CvButtonCallback done
Event: 0,673 loading class org/bytedeco/javacpp/opencv_highgui$Pt2Func_int_byte__
Event: 0,673 loading class org/bytedeco/javacpp/opencv_highgui$Pt2Func_int_byte__ done
Event: 0,675 loading class org/bytedeco/javacpp/opencv_highgui$Pt2Func_int_ByteBuffer
Event: 0,675 loading class org/bytedeco/javacpp/opencv_highgui$Pt2Func_int_ByteBuffer done
Event: 0,676 loading class org/bytedeco/javacpp/opencv_highgui$Pt2Func_int_BytePointer
Event: 0,676 loading class org/bytedeco/javacpp/opencv_highgui$Pt2Func_int_BytePointer done
Event: 0,678 loading class org/bytedeco/javacpp/opencv_highgui$Pt2Func_int_PointerPointer
Event: 0,678 loading class org/bytedeco/javacpp/opencv_highgui$Pt2Func_int_PointerPointer done


Dynamic libraries:
00400000-00401000 r-xp 00000000 08:11 285681                             /usr/lib/jvm/java-8-oracle/bin/java
00600000-00601000 rw-p 00000000 08:11 285681                             /usr/lib/jvm/java-8-oracle/bin/java
007d2000-007f3000 rw-p 00000000 00:00 0                                  [heap]
c3000000-c5980000 rw-p 00000000 00:00 0 
c5980000-ebb00000 ---p 00000000 00:00 0 
ebb00000-ecf80000 rw-p 00000000 00:00 0 
ecf80000-100000000 ---p 00000000 00:00 0 
100000000-1000c0000 rw-p 00000000 00:00 0 
1000c0000-140000000 ---p 00000000 00:00 0 
7f9cac000000-7f9cac021000 rw-p 00000000 00:00 0 
7f9cac021000-7f9cb0000000 ---p 00000000 00:00 0 
7f9cb0000000-7f9cb0021000 rw-p 00000000 00:00 0 
7f9cb0021000-7f9cb4000000 ---p 00000000 00:00 0 
7f9cb4000000-7f9cb4022000 rw-p 00000000 00:00 0 
7f9cb4022000-7f9cb8000000 ---p 00000000 00:00 0 
7f9cb8000000-7f9cb8021000 rw-p 00000000 00:00 0 
7f9cb8021000-7f9cbc000000 ---p 00000000 00:00 0 
7f9cbc000000-7f9cbc021000 rw-p 00000000 00:00 0 
7f9cbc021000-7f9cc0000000 ---p 00000000 00:00 0 
7f9cc0f9f000-7f9cc0fa0000 ---p 00000000 00:00 0 
7f9cc0fa0000-7f9cc13a0000 rw-p 00000000 00:00 0                          [stack:13204]
7f9cc13a0000-7f9cc13a1000 ---p 00000000 00:00 0 
7f9cc13a1000-7f9cc17a1000 rw-p 00000000 00:00 0                          [stack:13203]
7f9cc17a1000-7f9cc17a2000 ---p 00000000 00:00 0 
7f9cc17a2000-7f9cc1ba2000 rw-p 00000000 00:00 0                          [stack:13202]
7f9cc1ba2000-7f9cc1ba3000 ---p 00000000 00:00 0 
7f9cc1ba3000-7f9cc23a3000 rw-p 00000000 00:00 0                          [stack:13198]
7f9cc23a3000-7f9cc23a4000 ---p 00000000 00:00 0 
7f9cc23a4000-7f9cc2ba4000 rw-p 00000000 00:00 0                          [stack:13197]
7f9cc2ba4000-7f9cc2baf000 r-xp 00000000 08:11 524383                     /usr/lib/x86_64-linux-gnu/gio/modules/libdconfsettings.so
7f9cc2baf000-7f9cc2daf000 ---p 0000b000 08:11 524383                     /usr/lib/x86_64-linux-gnu/gio/modules/libdconfsettings.so
7f9cc2daf000-7f9cc2db0000 r--p 0000b000 08:11 524383                     /usr/lib/x86_64-linux-gnu/gio/modules/libdconfsettings.so
7f9cc2db0000-7f9cc2db1000 rw-p 0000c000 08:11 524383                     /usr/lib/x86_64-linux-gnu/gio/modules/libdconfsettings.so
7f9cc2db1000-7f9cc2db8000 r-xp 00000000 08:11 273073                     /usr/lib/x86_64-linux-gnu/libogg.so.0.8.1
7f9cc2db8000-7f9cc2fb8000 ---p 00007000 08:11 273073                     /usr/lib/x86_64-linux-gnu/libogg.so.0.8.1
7f9cc2fb8000-7f9cc2fb9000 r--p 00007000 08:11 273073                     /usr/lib/x86_64-linux-gnu/libogg.so.0.8.1
7f9cc2fb9000-7f9cc2fba000 rw-p 00008000 08:11 273073                     /usr/lib/x86_64-linux-gnu/libogg.so.0.8.1
7f9cc2fba000-7f9cc2fe9000 r-xp 00000000 08:11 273352                     /usr/lib/x86_64-linux-gnu/libvorbis.so.0.4.7
7f9cc2fe9000-7f9cc31e8000 ---p 0002f000 08:11 273352                     /usr/lib/x86_64-linux-gnu/libvorbis.so.0.4.7
7f9cc31e8000-7f9cc31e9000 r--p 0002e000 08:11 273352                     /usr/lib/x86_64-linux-gnu/libvorbis.so.0.4.7
7f9cc31e9000-7f9cc31ea000 rw-p 0002f000 08:11 273352                     /usr/lib/x86_64-linux-gnu/libvorbis.so.0.4.7
7f9cc31ea000-7f9cc31f3000 r-xp 00000000 08:11 272979                     /usr/lib/x86_64-linux-gnu/libltdl.so.7.3.0
7f9cc31f3000-7f9cc33f2000 ---p 00009000 08:11 272979                     /usr/lib/x86_64-linux-gnu/libltdl.so.7.3.0
7f9cc33f2000-7f9cc33f3000 r--p 00008000 08:11 272979                     /usr/lib/x86_64-linux-gnu/libltdl.so.7.3.0
7f9cc33f3000-7f9cc33f4000 rw-p 00009000 08:11 272979                     /usr/lib/x86_64-linux-gnu/libltdl.so.7.3.0
7f9cc33f4000-7f9cc3405000 r-xp 00000000 08:11 273268                     /usr/lib/x86_64-linux-gnu/libtdb.so.1.2.12
7f9cc3405000-7f9cc3604000 ---p 00011000 08:11 273268                     /usr/lib/x86_64-linux-gnu/libtdb.so.1.2.12
7f9cc3604000-7f9cc3605000 r--p 00010000 08:11 273268                     /usr/lib/x86_64-linux-gnu/libtdb.so.1.2.12
7f9cc3605000-7f9cc3606000 rw-p 00011000 08:11 273268                     /usr/lib/x86_64-linux-gnu/libtdb.so.1.2.12
7f9cc3606000-7f9cc360d000 r-xp 00000000 08:11 273350                     /usr/lib/x86_64-linux-gnu/libvorbisfile.so.3.3.6
7f9cc360d000-7f9cc380d000 ---p 00007000 08:11 273350                     /usr/lib/x86_64-linux-gnu/libvorbisfile.so.3.3.6
7f9cc380d000-7f9cc380e000 r--p 00007000 08:11 273350                     /usr/lib/x86_64-linux-gnu/libvorbisfile.so.3.3.6
7f9cc380e000-7f9cc380f000 rw-p 00008000 08:11 273350                     /usr/lib/x86_64-linux-gnu/libvorbisfile.so.3.3.6
7f9cc380f000-7f9cc381e000 r-xp 00000000 08:11 272493                     /usr/lib/x86_64-linux-gnu/libcanberra.so.0.2.5
7f9cc381e000-7f9cc3a1d000 ---p 0000f000 08:11 272493                     /usr/lib/x86_64-linux-gnu/libcanberra.so.0.2.5
7f9cc3a1d000-7f9cc3a1e000 r--p 0000e000 08:11 272493                     /usr/lib/x86_64-linux-gnu/libcanberra.so.0.2.5
7f9cc3a1e000-7f9cc3a1f000 rw-p 0000f000 08:11 272493                     /usr/lib/x86_64-linux-gnu/libcanberra.so.0.2.5
7f9cc3a1f000-7f9cc3a23000 r-xp 00000000 08:11 272489                     /usr/lib/x86_64-linux-gnu/libcanberra-gtk.so.0.1.9
7f9cc3a23000-7f9cc3c22000 ---p 00004000 08:11 272489                     /usr/lib/x86_64-linux-gnu/libcanberra-gtk.so.0.1.9
7f9cc3c22000-7f9cc3c23000 r--p 00003000 08:11 272489                     /usr/lib/x86_64-linux-gnu/libcanberra-gtk.so.0.1.9
7f9cc3c23000-7f9cc3c24000 rw-p 00004000 08:11 272489                     /usr/lib/x86_64-linux-gnu/libcanberra-gtk.so.0.1.9
7f9cc3c24000-7f9cc3c29000 r-xp 00000000 08:11 524638                     /usr/lib/x86_64-linux-gnu/gtk-2.0/modules/libcanberra-gtk-module.so
7f9cc3c29000-7f9cc3e28000 ---p 00005000 08:11 524638                     /usr/lib/x86_64-linux-gnu/gtk-2.0/modules/libcanberra-gtk-module.so
7f9cc3e28000-7f9cc3e29000 r--p 00004000 08:11 524638                     /usr/lib/x86_64-linux-gnu/gtk-2.0/modules/libcanberra-gtk-module.so
7f9cc3e29000-7f9cc3e2a000 rw-p 00005000 08:11 524638                     /usr/lib/x86_64-linux-gnu/gtk-2.0/modules/libcanberra-gtk-module.so
7f9cc3e2a000-7f9cc3e59000 r-xp 00000000 08:11 524620                     /usr/lib/x86_64-linux-gnu/gtk-2.0/2.10.0/engines/libmurrine.so
7f9cc3e59000-7f9cc4059000 ---p 0002f000 08:11 524620                     /usr/lib/x86_64-linux-gnu/gtk-2.0/2.10.0/engines/libmurrine.so
7f9cc4059000-7f9cc405a000 r--p 0002f000 08:11 524620                     /usr/lib/x86_64-linux-gnu/gtk-2.0/2.10.0/engines/libmurrine.so
7f9cc405a000-7f9cc405b000 rw-p 00030000 08:11 524620                     /usr/lib/x86_64-linux-gnu/gtk-2.0/2.10.0/engines/libmurrine.so
7f9cc405b000-7f9cc406b000 r-xp 00000000 08:11 273317                     /usr/lib/x86_64-linux-gnu/libunity-gtk2-parser.so.0.0.0
7f9cc406b000-7f9cc426a000 ---p 00010000 08:11 273317                     /usr/lib/x86_64-linux-gnu/libunity-gtk2-parser.so.0.0.0
7f9cc426a000-7f9cc426b000 r--p 0000f000 08:11 273317                     /usr/lib/x86_64-linux-gnu/libunity-gtk2-parser.so.0.0.0
7f9cc426b000-7f9cc426c000 rw-p 00010000 08:11 273317                     /usr/lib/x86_64-linux-gnu/libunity-gtk2-parser.so.0.0.0
7f9cc426c000-7f9cc4271000 r-xp 00000000 08:11 524642                     /usr/lib/x86_64-linux-gnu/gtk-2.0/modules/libunity-gtk-module.so
7f9cc4271000-7f9cc4470000 ---p 00005000 08:11 524642                     /usr/lib/x86_64-linux-gnu/gtk-2.0/modules/libunity-gtk-module.so
7f9cc4470000-7f9cc4471000 r--p 00004000 08:11 524642                     /usr/lib/x86_64-linux-gnu/gtk-2.0/modules/libunity-gtk-module.so
7f9cc4471000-7f9cc4472000 rw-p 00005000 08:11 524642                     /usr/lib/x86_64-linux-gnu/gtk-2.0/modules/libunity-gtk-module.so
7f9cc4472000-7f9cc4483000 r-xp 00000000 08:11 524641                     /usr/lib/x86_64-linux-gnu/gtk-2.0/modules/liboverlay-scrollbar.so
7f9cc4483000-7f9cc4682000 ---p 00011000 08:11 524641                     /usr/lib/x86_64-linux-gnu/gtk-2.0/modules/liboverlay-scrollbar.so
7f9cc4682000-7f9cc4683000 r--p 00010000 08:11 524641                     /usr/lib/x86_64-linux-gnu/gtk-2.0/modules/liboverlay-scrollbar.so
7f9cc4683000-7f9cc4684000 rw-p 00011000 08:11 524641                     /usr/lib/x86_64-linux-gnu/gtk-2.0/modules/liboverlay-scrollbar.so
7f9cc4684000-7f9cc9685000 rw-p 00000000 00:00 0 
7f9cc9685000-7f9cc96d3000 r-xp 00000000 08:11 130841                     /tmp/javacpp5621405809168/libjniopencv_highgui.so
7f9cc96d3000-7f9cc98d2000 ---p 0004e000 08:11 130841                     /tmp/javacpp5621405809168/libjniopencv_highgui.so
7f9cc98d2000-7f9cc98d3000 r--p 0004d000 08:11 130841                     /tmp/javacpp5621405809168/libjniopencv_highgui.so
7f9cc98d3000-7f9cc98d4000 rw-p 0004e000 08:11 130841                     /tmp/javacpp5621405809168/libjniopencv_highgui.so
7f9cc98d4000-7f9cc9917000 r-xp 00000000 08:11 272954                     /usr/lib/x86_64-linux-gnu/libjpeg.so.8.0.2
7f9cc9917000-7f9cc9b17000 ---p 00043000 08:11 272954                     /usr/lib/x86_64-linux-gnu/libjpeg.so.8.0.2
7f9cc9b17000-7f9cc9b18000 r--p 00043000 08:11 272954                     /usr/lib/x86_64-linux-gnu/libjpeg.so.8.0.2
7f9cc9b18000-7f9cc9b19000 rw-p 00044000 08:11 272954                     /usr/lib/x86_64-linux-gnu/libjpeg.so.8.0.2
7f9cc9b19000-7f9cc9b29000 rw-p 00000000 00:00 0 
7f9cc9b29000-7f9cc9b39000 r-xp 00000000 08:11 272828                     /usr/lib/x86_64-linux-gnu/libgstinterfaces-0.10.so.0.25.0
7f9cc9b39000-7f9cc9d39000 ---p 00010000 08:11 272828                     /usr/lib/x86_64-linux-gnu/libgstinterfaces-0.10.so.0.25.0
7f9cc9d39000-7f9cc9d3a000 r--p 00010000 08:11 272828                     /usr/lib/x86_64-linux-gnu/libgstinterfaces-0.10.so.0.25.0
7f9cc9d3a000-7f9cc9d3b000 rw-p 00011000 08:11 272828                     /usr/lib/x86_64-linux-gnu/libgstinterfaces-0.10.so.0.25.0
7f9cc9d3b000-7f9cc9d41000 r-xp 00000000 08:11 272557                     /usr/lib/x86_64-linux-gnu/libdatrie.so.1.3.1
7f9cc9d41000-7f9cc9f40000 ---p 00006000 08:11 272557                     /usr/lib/x86_64-linux-gnu/libdatrie.so.1.3.1
7f9cc9f40000-7f9cc9f41000 r--p 00005000 08:11 272557                     /usr/lib/x86_64-linux-gnu/libdatrie.so.1.3.1
7f9cc9f41000-7f9cc9f42000 rw-p 00006000 08:11 272557                     /usr/lib/x86_64-linux-gnu/libdatrie.so.1.3.1
7f9cc9f42000-7f9cc9f5c000 r-xp 00000000 08:11 272783                     /usr/lib/x86_64-linux-gnu/libgraphite2.so.3.0.1
7f9cc9f5c000-7f9cca15b000 ---p 0001a000 08:11 272783                     /usr/lib/x86_64-linux-gnu/libgraphite2.so.3.0.1
7f9cca15b000-7f9cca15d000 r--p 00019000 08:11 272783                     /usr/lib/x86_64-linux-gnu/libgraphite2.so.3.0.1
7f9cca15d000-7f9cca15e000 rw-p 0001b000 08:11 272783                     /usr/lib/x86_64-linux-gnu/libgraphite2.so.3.0.1
7f9cca15e000-7f9cca163000 r-xp 00000000 08:11 272365                     /usr/lib/x86_64-linux-gnu/libXdmcp.so.6.0.0
7f9cca163000-7f9cca362000 ---p 00005000 08:11 272365                     /usr/lib/x86_64-linux-gnu/libXdmcp.so.6.0.0
7f9cca362000-7f9cca363000 r--p 00004000 08:11 272365                     /usr/lib/x86_64-linux-gnu/libXdmcp.so.6.0.0
7f9cca363000-7f9cca364000 rw-p 00005000 08:11 272365                     /usr/lib/x86_64-linux-gnu/libXdmcp.so.6.0.0
7f9cca364000-7f9cca366000 r-xp 00000000 08:11 272354                     /usr/lib/x86_64-linux-gnu/libXau.so.6.0.0
7f9cca366000-7f9cca566000 ---p 00002000 08:11 272354                     /usr/lib/x86_64-linux-gnu/libXau.so.6.0.0
7f9cca566000-7f9cca567000 r--p 00002000 08:11 272354                     /usr/lib/x86_64-linux-gnu/libXau.so.6.0.0
7f9cca567000-7f9cca568000 rw-p 00003000 08:11 272354                     /usr/lib/x86_64-linux-gnu/libXau.so.6.0.0
7f9cca568000-7f9cca58c000 r-xp 00000000 08:11 273341                     /usr/lib/x86_64-linux-gnu/libv4lconvert.so.0.0.0
7f9cca58c000-7f9cca78c000 ---p 00024000 08:11 273341                     /usr/lib/x86_64-linux-gnu/libv4lconvert.so.0.0.0
7f9cca78c000-7f9cca78e000 r--p 00024000 08:11 273341                     /usr/lib/x86_64-linux-gnu/libv4lconvert.so.0.0.0
7f9cca78e000-7f9cca78f000 rw-p 00026000 08:11 273341                     /usr/lib/x86_64-linux-gnu/libv4lconvert.so.0.0.0
7f9cca78f000-7f9cca7e1000 rw-p 00000000 00:00 0 
7f9cca7e1000-7f9cca816000 r-xp 00000000 08:11 272864                     /usr/lib/x86_64-linux-gnu/libgsttag-0.10.so.0.25.0
7f9cca816000-7f9ccaa15000 ---p 00035000 08:11 272864                     /usr/lib/x86_64-linux-gnu/libgsttag-0.10.so.0.25.0
7f9ccaa15000-7f9ccaa17000 r--p 00034000 08:11 272864                     /usr/lib/x86_64-linux-gnu/libgsttag-0.10.so.0.25.0
7f9ccaa17000-7f9ccaa18000 rw-p 00036000 08:11 272864                     /usr/lib/x86_64-linux-gnu/libgsttag-0.10.so.0.25.0
7f9ccaa18000-7f9ccaa4d000 r-xp 00000000 08:11 272800                     /usr/lib/x86_64-linux-gnu/libgstaudio-0.10.so.0.25.0
7f9ccaa4d000-7f9ccac4d000 ---p 00035000 08:11 272800                     /usr/lib/x86_64-linux-gnu/libgstaudio-0.10.so.0.25.0
7f9ccac4d000-7f9ccac4e000 r--p 00035000 08:11 272800                     /usr/lib/x86_64-linux-gnu/libgstaudio-0.10.so.0.25.0
7f9ccac4e000-7f9ccac50000 rw-p 00036000 08:11 272800                     /usr/lib/x86_64-linux-gnu/libgstaudio-0.10.so.0.25.0
7f9ccac50000-7f9ccaccd000 r-xp 00000000 08:11 273077                     /usr/lib/x86_64-linux-gnu/liborc-0.4.so.0.18.0
7f9ccaccd000-7f9ccaecc000 ---p 0007d000 08:11 273077                     /usr/lib/x86_64-linux-gnu/liborc-0.4.so.0.18.0
7f9ccaecc000-7f9ccaece000 r--p 0007c000 08:11 273077                     /usr/lib/x86_64-linux-gnu/liborc-0.4.so.0.18.0
7f9ccaece000-7f9ccaed2000 rw-p 0007e000 08:11 273077                     /usr/lib/x86_64-linux-gnu/liborc-0.4.so.0.18.0
7f9ccaed2000-7f9ccaef3000 r-xp 00000000 08:11 1051134                    /lib/x86_64-linux-gnu/liblzma.so.5.0.0
7f9ccaef3000-7f9ccb0f2000 ---p 00021000 08:11 1051134                    /lib/x86_64-linux-gnu/liblzma.so.5.0.0
7f9ccb0f2000-7f9ccb0f3000 r--p 00020000 08:11 1051134                    /lib/x86_64-linux-gnu/liblzma.so.5.0.0
7f9ccb0f3000-7f9ccb0f4000 rw-p 00021000 08:11 1051134                    /lib/x86_64-linux-gnu/liblzma.so.5.0.0
7f9ccb0f4000-7f9ccb11b000 r-xp 00000000 08:11 1051109                    /lib/x86_64-linux-gnu/libexpat.so.1.6.0
7f9ccb11b000-7f9ccb31b000 ---p 00027000 08:11 1051109                    /lib/x86_64-linux-gnu/libexpat.so.1.6.0
7f9ccb31b000-7f9ccb31d000 r--p 00027000 08:11 1051109                    /lib/x86_64-linux-gnu/libexpat.so.1.6.0
7f9ccb31d000-7f9ccb31e000 rw-p 00029000 08:11 1051109                    /lib/x86_64-linux-gnu/libexpat.so.1.6.0
7f9ccb31e000-7f9ccb35b000 r-xp 00000000 08:11 1051190                    /lib/x86_64-linux-gnu/libpcre.so.3.13.1
7f9ccb35b000-7f9ccb55a000 ---p 0003d000 08:11 1051190                    /lib/x86_64-linux-gnu/libpcre.so.3.13.1
7f9ccb55a000-7f9ccb55b000 r--p 0003c000 08:11 1051190                    /lib/x86_64-linux-gnu/libpcre.so.3.13.1
7f9ccb55b000-7f9ccb55c000 rw-p 0003d000 08:11 1051190                    /lib/x86_64-linux-gnu/libpcre.so.3.13.1
7f9ccb55c000-7f9ccb563000 r-xp 00000000 08:11 272636                     /usr/lib/x86_64-linux-gnu/libffi.so.6.0.1
7f9ccb563000-7f9ccb762000 ---p 00007000 08:11 272636                     /usr/lib/x86_64-linux-gnu/libffi.so.6.0.1
7f9ccb762000-7f9ccb763000 r--p 00006000 08:11 272636                     /usr/lib/x86_64-linux-gnu/libffi.so.6.0.1
7f9ccb763000-7f9ccb764000 rw-p 00007000 08:11 272636                     /usr/lib/x86_64-linux-gnu/libffi.so.6.0.1
7f9ccb764000-7f9ccb76c000 r-xp 00000000 08:11 273280                     /usr/lib/x86_64-linux-gnu/libthai.so.0.2.0
7f9ccb76c000-7f9ccb96b000 ---p 00008000 08:11 273280                     /usr/lib/x86_64-linux-gnu/libthai.so.0.2.0
7f9ccb96b000-7f9ccb96c000 r--p 00007000 08:11 273280                     /usr/lib/x86_64-linux-gnu/libthai.so.0.2.0
7f9ccb96c000-7f9ccb96d000 rw-p 00008000 08:11 273280                     /usr/lib/x86_64-linux-gnu/libthai.so.0.2.0
7f9ccb96d000-7f9ccb9c0000 r-xp 00000000 08:11 272896                     /usr/lib/x86_64-linux-gnu/libharfbuzz.so.0.927.0
7f9ccb9c0000-7f9ccbbc0000 ---p 00053000 08:11 272896                     /usr/lib/x86_64-linux-gnu/libharfbuzz.so.0.927.0
7f9ccbbc0000-7f9ccbbc1000 r--p 00053000 08:11 272896                     /usr/lib/x86_64-linux-gnu/libharfbuzz.so.0.927.0
7f9ccbbc1000-7f9ccbbc2000 rw-p 00054000 08:11 272896                     /usr/lib/x86_64-linux-gnu/libharfbuzz.so.0.927.0
7f9ccbbc2000-7f9ccbbd9000 r-xp 00000000 08:11 1066856                    /lib/x86_64-linux-gnu/libresolv-2.19.so
7f9ccbbd9000-7f9ccbdd9000 ---p 00017000 08:11 1066856                    /lib/x86_64-linux-gnu/libresolv-2.19.so
7f9ccbdd9000-7f9ccbdda000 r--p 00017000 08:11 1066856                    /lib/x86_64-linux-gnu/libresolv-2.19.so
7f9ccbdda000-7f9ccbddb000 rw-p 00018000 08:11 1066856                    /lib/x86_64-linux-gnu/libresolv-2.19.so
7f9ccbddb000-7f9ccbddd000 rw-p 00000000 00:00 0 
7f9ccbddd000-7f9ccbdfd000 r-xp 00000000 08:11 1051217                    /lib/x86_64-linux-gnu/libselinux.so.1
7f9ccbdfd000-7f9ccbffc000 ---p 00020000 08:11 1051217                    /lib/x86_64-linux-gnu/libselinux.so.1
7f9ccbffc000-7f9ccbffd000 r--p 0001f000 08:11 1051217                    /lib/x86_64-linux-gnu/libselinux.so.1
7f9ccbffd000-7f9ccbffe000 rw-p 00020000 08:11 1051217                    /lib/x86_64-linux-gnu/libselinux.so.1
7f9ccbffe000-7f9ccc000000 rw-p 00000000 00:00 0 
7f9ccc000000-7f9ccc021000 rw-p 00000000 00:00 0 
7f9ccc021000-7f9cd0000000 ---p 00000000 00:00 0 
7f9cd0083000-7f9cd0119000 rw-s 001c2000 00:05 12301                      /dev/video0
7f9cd0119000-7f9cd01af000 rw-s 0012c000 00:05 12301                      /dev/video0
7f9cd01af000-7f9cd01c7000 r-xp 00000000 08:11 1051250                    /lib/x86_64-linux-gnu/libz.so.1.2.8
7f9cd01c7000-7f9cd03c6000 ---p 00018000 08:11 1051250                    /lib/x86_64-linux-gnu/libz.so.1.2.8
7f9cd03c6000-7f9cd03c7000 r--p 00017000 08:11 1051250                    /lib/x86_64-linux-gnu/libz.so.1.2.8
7f9cd03c7000-7f9cd03c8000 rw-p 00018000 08:11 1051250                    /lib/x86_64-linux-gnu/libz.so.1.2.8
7f9cd03c8000-7f9cd03e5000 r-xp 00000000 08:11 273422                     /usr/lib/x86_64-linux-gnu/libxcb.so.1.1.0
7f9cd03e5000-7f9cd05e5000 ---p 0001d000 08:11 273422                     /usr/lib/x86_64-linux-gnu/libxcb.so.1.1.0
7f9cd05e5000-7f9cd05e6000 r--p 0001d000 08:11 273422                     /usr/lib/x86_64-linux-gnu/libxcb.so.1.1.0
7f9cd05e6000-7f9cd05e7000 rw-p 0001e000 08:11 273422                     /usr/lib/x86_64-linux-gnu/libxcb.so.1.1.0
7f9cd05e7000-7f9cd05ef000 r-xp 00000000 08:11 273408                     /usr/lib/x86_64-linux-gnu/libxcb-render.so.0.0.0
7f9cd05ef000-7f9cd07ee000 ---p 00008000 08:11 273408                     /usr/lib/x86_64-linux-gnu/libxcb-render.so.0.0.0
7f9cd07ee000-7f9cd07ef000 r--p 00007000 08:11 273408                     /usr/lib/x86_64-linux-gnu/libxcb-render.so.0.0.0
7f9cd07ef000-7f9cd07f0000 rw-p 00008000 08:11 273408                     /usr/lib/x86_64-linux-gnu/libxcb-render.so.0.0.0
7f9cd07f0000-7f9cd07f2000 r-xp 00000000 08:11 273412                     /usr/lib/x86_64-linux-gnu/libxcb-shm.so.0.0.0
7f9cd07f2000-7f9cd09f1000 ---p 00002000 08:11 273412                     /usr/lib/x86_64-linux-gnu/libxcb-shm.so.0.0.0
7f9cd09f1000-7f9cd09f2000 r--p 00001000 08:11 273412                     /usr/lib/x86_64-linux-gnu/libxcb-shm.so.0.0.0
7f9cd09f2000-7f9cd09f3000 rw-p 00002000 08:11 273412                     /usr/lib/x86_64-linux-gnu/libxcb-shm.so.0.0.0
7f9cd09f3000-7f9cd0a18000 r-xp 00000000 08:11 1051202                    /lib/x86_64-linux-gnu/libpng12.so.0.50.0
7f9cd0a18000-7f9cd0c17000 ---p 00025000 08:11 1051202                    /lib/x86_64-linux-gnu/libpng12.so.0.50.0
7f9cd0c17000-7f9cd0c18000 r--p 00024000 08:11 1051202                    /lib/x86_64-linux-gnu/libpng12.so.0.50.0
7f9cd0c18000-7f9cd0c19000 rw-p 00025000 08:11 1051202                    /lib/x86_64-linux-gnu/libpng12.so.0.50.0
7f9cd0c19000-7f9cd0cba000 r-xp 00000000 08:11 273112                     /usr/lib/x86_64-linux-gnu/libpixman-1.so.0.30.2
7f9cd0cba000-7f9cd0eba000 ---p 000a1000 08:11 273112                     /usr/lib/x86_64-linux-gnu/libpixman-1.so.0.30.2
7f9cd0eba000-7f9cd0ec1000 r--p 000a1000 08:11 273112                     /usr/lib/x86_64-linux-gnu/libpixman-1.so.0.30.2
7f9cd0ec1000-7f9cd0ec2000 rw-p 000a8000 08:11 273112                     /usr/lib/x86_64-linux-gnu/libpixman-1.so.0.30.2
7f9cd0ec2000-7f9cd0ed3000 r-xp 00000000 08:11 272367                     /usr/lib/x86_64-linux-gnu/libXext.so.6.4.0
7f9cd0ed3000-7f9cd10d2000 ---p 00011000 08:11 272367                     /usr/lib/x86_64-linux-gnu/libXext.so.6.4.0
7f9cd10d2000-7f9cd10d3000 r--p 00010000 08:11 272367                     /usr/lib/x86_64-linux-gnu/libXext.so.6.4.0
7f9cd10d3000-7f9cd10d4000 rw-p 00011000 08:11 272367                     /usr/lib/x86_64-linux-gnu/libXext.so.6.4.0
7f9cd10d4000-7f9cd10d6000 r-xp 00000000 08:11 272363                     /usr/lib/x86_64-linux-gnu/libXdamage.so.1.1.0
7f9cd10d6000-7f9cd12d5000 ---p 00002000 08:11 272363                     /usr/lib/x86_64-linux-gnu/libXdamage.so.1.1.0
7f9cd12d5000-7f9cd12d6000 r--p 00001000 08:11 272363                     /usr/lib/x86_64-linux-gnu/libXdamage.so.1.1.0
7f9cd12d6000-7f9cd12d7000 rw-p 00002000 08:11 272363                     /usr/lib/x86_64-linux-gnu/libXdamage.so.1.1.0
7f9cd12d7000-7f9cd12d9000 r-xp 00000000 08:11 272359                     /usr/lib/x86_64-linux-gnu/libXcomposite.so.1.0.0
7f9cd12d9000-7f9cd14d8000 ---p 00002000 08:11 272359                     /usr/lib/x86_64-linux-gnu/libXcomposite.so.1.0.0
7f9cd14d8000-7f9cd14d9000 r--p 00001000 08:11 272359                     /usr/lib/x86_64-linux-gnu/libXcomposite.so.1.0.0
7f9cd14d9000-7f9cd14da000 rw-p 00002000 08:11 272359                     /usr/lib/x86_64-linux-gnu/libXcomposite.so.1.0.0
7f9cd14da000-7f9cd14e3000 r-xp 00000000 08:11 272361                     /usr/lib/x86_64-linux-gnu/libXcursor.so.1.0.2
7f9cd14e3000-7f9cd16e2000 ---p 00009000 08:11 272361                     /usr/lib/x86_64-linux-gnu/libXcursor.so.1.0.2
7f9cd16e2000-7f9cd16e3000 r--p 00008000 08:11 272361                     /usr/lib/x86_64-linux-gnu/libXcursor.so.1.0.2
7f9cd16e3000-7f9cd16e4000 rw-p 00009000 08:11 272361                     /usr/lib/x86_64-linux-gnu/libXcursor.so.1.0.2
7f9cd16e4000-7f9cd16ed000 r-xp 00000000 08:11 272387                     /usr/lib/x86_64-linux-gnu/libXrandr.so.2.2.0
7f9cd16ed000-7f9cd18ec000 ---p 00009000 08:11 272387                     /usr/lib/x86_64-linux-gnu/libXrandr.so.2.2.0
7f9cd18ec000-7f9cd18ed000 r--p 00008000 08:11 272387                     /usr/lib/x86_64-linux-gnu/libXrandr.so.2.2.0
7f9cd18ed000-7f9cd18ee000 rw-p 00009000 08:11 272387                     /usr/lib/x86_64-linux-gnu/libXrandr.so.2.2.0
7f9cd18ee000-7f9cd18fd000 r-xp 00000000 08:11 272375                     /usr/lib/x86_64-linux-gnu/libXi.so.6.1.0
7f9cd18fd000-7f9cd1afc000 ---p 0000f000 08:11 272375                     /usr/lib/x86_64-linux-gnu/libXi.so.6.1.0
7f9cd1afc000-7f9cd1afd000 r--p 0000e000 08:11 272375                     /usr/lib/x86_64-linux-gnu/libXi.so.6.1.0
7f9cd1afd000-7f9cd1afe000 rw-p 0000f000 08:11 272375                     /usr/lib/x86_64-linux-gnu/libXi.so.6.1.0
7f9cd1afe000-7f9cd1b00000 r-xp 00000000 08:11 272377                     /usr/lib/x86_64-linux-gnu/libXinerama.so.1.0.0
7f9cd1b00000-7f9cd1cff000 ---p 00002000 08:11 272377                     /usr/lib/x86_64-linux-gnu/libXinerama.so.1.0.0
7f9cd1cff000-7f9cd1d00000 r--p 00001000 08:11 272377                     /usr/lib/x86_64-linux-gnu/libXinerama.so.1.0.0
7f9cd1d00000-7f9cd1d01000 rw-p 00002000 08:11 272377                     /usr/lib/x86_64-linux-gnu/libXinerama.so.1.0.0
7f9cd1d01000-7f9cd1d0a000 r-xp 00000000 08:11 272389                     /usr/lib/x86_64-linux-gnu/libXrender.so.1.3.0
7f9cd1d0a000-7f9cd1f09000 ---p 00009000 08:11 272389                     /usr/lib/x86_64-linux-gnu/libXrender.so.1.3.0
7f9cd1f09000-7f9cd1f0a000 r--p 00008000 08:11 272389                     /usr/lib/x86_64-linux-gnu/libXrender.so.1.3.0
7f9cd1f0a000-7f9cd1f0b000 rw-p 00009000 08:11 272389                     /usr/lib/x86_64-linux-gnu/libXrender.so.1.3.0
7f9cd1f0b000-7f9cd1f10000 r-xp 00000000 08:11 272369                     /usr/lib/x86_64-linux-gnu/libXfixes.so.3.1.0
7f9cd1f10000-7f9cd210f000 ---p 00005000 08:11 272369                     /usr/lib/x86_64-linux-gnu/libXfixes.so.3.1.0
7f9cd210f000-7f9cd2110000 r--p 00004000 08:11 272369                     /usr/lib/x86_64-linux-gnu/libXfixes.so.3.1.0
7f9cd2110000-7f9cd2111000 rw-p 00005000 08:11 272369                     /usr/lib/x86_64-linux-gnu/libXfixes.so.3.1.0
7f9cd2111000-7f9cd2241000 r-xp 00000000 08:11 272350                     /usr/lib/x86_64-linux-gnu/libX11.so.6.3.0
7f9cd2241000-7f9cd2441000 ---p 00130000 08:11 272350                     /usr/lib/x86_64-linux-gnu/libX11.so.6.3.0
7f9cd2441000-7f9cd2442000 r--p 00130000 08:11 272350                     /usr/lib/x86_64-linux-gnu/libX11.so.6.3.0
7f9cd2442000-7f9cd2446000 rw-p 00131000 08:11 272350                     /usr/lib/x86_64-linux-gnu/libX11.so.6.3.0
7f9cd2446000-7f9cd244f000 r-xp 00000000 08:11 273339                     /usr/lib/x86_64-linux-gnu/libv4l2.so.0.0.0
7f9cd244f000-7f9cd264e000 ---p 00009000 08:11 273339                     /usr/lib/x86_64-linux-gnu/libv4l2.so.0.0.0
7f9cd264e000-7f9cd264f000 r--p 00008000 08:11 273339                     /usr/lib/x86_64-linux-gnu/libv4l2.so.0.0.0
7f9cd264f000-7f9cd2654000 rw-p 00009000 08:11 273339                     /usr/lib/x86_64-linux-gnu/libv4l2.so.0.0.0
7f9cd2654000-7f9cd2659000 r-xp 00000000 08:11 273337                     /usr/lib/x86_64-linux-gnu/libv4l1.so.0.0.0
7f9cd2659000-7f9cd2858000 ---p 00005000 08:11 273337                     /usr/lib/x86_64-linux-gnu/libv4l1.so.0.0.0
7f9cd2858000-7f9cd2859000 r--p 00004000 08:11 273337                     /usr/lib/x86_64-linux-gnu/libv4l1.so.0.0.0
7f9cd2859000-7f9cd285a000 rw-p 00005000 08:11 273337                     /usr/lib/x86_64-linux-gnu/libv4l1.so.0.0.0
7f9cd285a000-7f9cd287c000 r-xp 00000000 08:11 272836                     /usr/lib/x86_64-linux-gnu/libgstpbutils-0.10.so.0.25.0
7f9cd287c000-7f9cd2a7b000 ---p 00022000 08:11 272836                     /usr/lib/x86_64-linux-gnu/libgstpbutils-0.10.so.0.25.0
7f9cd2a7b000-7f9cd2a7d000 r--p 00021000 08:11 272836                     /usr/lib/x86_64-linux-gnu/libgstpbutils-0.10.so.0.25.0
7f9cd2a7d000-7f9cd2a7e000 rw-p 00023000 08:11 272836                     /usr/lib/x86_64-linux-gnu/libgstpbutils-0.10.so.0.25.0
7f9cd2a7e000-7f9cd2a8a000 r-xp 00000000 08:11 272848                     /usr/lib/x86_64-linux-gnu/libgstriff-0.10.so.0.25.0
7f9cd2a8a000-7f9cd2c89000 ---p 0000c000 08:11 272848                     /usr/lib/x86_64-linux-gnu/libgstriff-0.10.so.0.25.0
7f9cd2c89000-7f9cd2c8a000 r--p 0000b000 08:11 272848                     /usr/lib/x86_64-linux-gnu/libgstriff-0.10.so.0.25.0
7f9cd2c8a000-7f9cd2c8b000 rw-p 0000c000 08:11 272848                     /usr/lib/x86_64-linux-gnu/libgstriff-0.10.so.0.25.0
7f9cd2c8b000-7f9cd2c96000 r-xp 00000000 08:11 272796                     /usr/lib/x86_64-linux-gnu/libgstapp-0.10.so.0.25.0
7f9cd2c96000-7f9cd2e95000 ---p 0000b000 08:11 272796                     /usr/lib/x86_64-linux-gnu/libgstapp-0.10.so.0.25.0
7f9cd2e95000-7f9cd2e96000 r--p 0000a000 08:11 272796                     /usr/lib/x86_64-linux-gnu/libgstapp-0.10.so.0.25.0
7f9cd2e96000-7f9cd2e97000 rw-p 0000b000 08:11 272796                     /usr/lib/x86_64-linux-gnu/libgstapp-0.10.so.0.25.0
7f9cd2e97000-7f9cd2eb1000 r-xp 00000000 08:11 272868                     /usr/lib/x86_64-linux-gnu/libgstvideo-0.10.so.0.25.0
7f9cd2eb1000-7f9cd30b1000 ---p 0001a000 08:11 272868                     /usr/lib/x86_64-linux-gnu/libgstvideo-0.10.so.0.25.0
7f9cd30b1000-7f9cd30b2000 r--p 0001a000 08:11 272868                     /usr/lib/x86_64-linux-gnu/libgstvideo-0.10.so.0.25.0
7f9cd30b2000-7f9cd30b3000 rw-p 0001b000 08:11 272868                     /usr/lib/x86_64-linux-gnu/libgstvideo-0.10.so.0.25.0
7f9cd30b3000-7f9cd320f000 r-xp 00000000 08:11 273430                     /usr/lib/x86_64-linux-gnu/libxml2.so.2.9.1
7f9cd320f000-7f9cd340e000 ---p 0015c000 08:11 273430                     /usr/lib/x86_64-linux-gnu/libxml2.so.2.9.1
7f9cd340e000-7f9cd3416000 r--p 0015b000 08:11 273430                     /usr/lib/x86_64-linux-gnu/libxml2.so.2.9.1
7f9cd3416000-7f9cd3418000 rw-p 00163000 08:11 273430                     /usr/lib/x86_64-linux-gnu/libxml2.so.2.9.1
7f9cd3418000-7f9cd3419000 rw-p 00000000 00:00 0 
7f9cd3419000-7f9cd341c000 r-xp 00000000 08:11 272749                     /usr/lib/x86_64-linux-gnu/libgmodule-2.0.so.0.4002.0
7f9cd341c000-7f9cd361b000 ---p 00003000 08:11 272749                     /usr/lib/x86_64-linux-gnu/libgmodule-2.0.so.0.4002.0
7f9cd361b000-7f9cd361c000 r--p 00002000 08:11 272749                     /usr/lib/x86_64-linux-gnu/libgmodule-2.0.so.0.4002.0
7f9cd361c000-7f9cd361d000 rw-p 00003000 08:11 272749                     /usr/lib/x86_64-linux-gnu/libgmodule-2.0.so.0.4002.0
7f9cd361d000-7f9cd36ff000 r-xp 00000000 08:11 272844                     /usr/lib/x86_64-linux-gnu/libgstreamer-0.10.so.0.30.0
7f9cd36ff000-7f9cd38fe000 ---p 000e2000 08:11 272844                     /usr/lib/x86_64-linux-gnu/libgstreamer-0.10.so.0.30.0
7f9cd38fe000-7f9cd3903000 r--p 000e1000 08:11 272844                     /usr/lib/x86_64-linux-gnu/libgstreamer-0.10.so.0.30.0
7f9cd3903000-7f9cd3905000 rw-p 000e6000 08:11 272844                     /usr/lib/x86_64-linux-gnu/libgstreamer-0.10.so.0.30.0
7f9cd3905000-7f9cd3907000 rw-p 00000000 00:00 0 
7f9cd3907000-7f9cd395a000 r-xp 00000000 08:11 272804                     /usr/lib/x86_64-linux-gnu/libgstbase-0.10.so.0.30.0
7f9cd395a000-7f9cd3b59000 ---p 00053000 08:11 272804                     /usr/lib/x86_64-linux-gnu/libgstbase-0.10.so.0.30.0
7f9cd3b59000-7f9cd3b5a000 r--p 00052000 08:11 272804                     /usr/lib/x86_64-linux-gnu/libgstbase-0.10.so.0.30.0
7f9cd3b5a000-7f9cd3b5b000 rw-p 00053000 08:11 272804                     /usr/lib/x86_64-linux-gnu/libgstbase-0.10.so.0.30.0
7f9cd3b5b000-7f9cd3b5c000 r-xp 00000000 08:11 272872                     /usr/lib/x86_64-linux-gnu/libgthread-2.0.so.0.4002.0
7f9cd3b5c000-7f9cd3d5b000 ---p 00001000 08:11 272872                     /usr/lib/x86_64-linux-gnu/libgthread-2.0.so.0.4002.0
7f9cd3d5b000-7f9cd3d5c000 r--p 00000000 08:11 272872                     /usr/lib/x86_64-linux-gnu/libgthread-2.0.so.0.4002.0
7f9cd3d5c000-7f9cd3d5d000 rw-p 00001000 08:11 272872                     /usr/lib/x86_64-linux-gnu/libgthread-2.0.so.0.4002.0
7f9cd3d5d000-7f9cd3dfa000 r-xp 00000000 08:11 273054                     /usr/lib/x86_64-linux-gnu/libfreetype.so.6.11.1
7f9cd3dfa000-7f9cd3ff9000 ---p 0009d000 08:11 273054                     /usr/lib/x86_64-linux-gnu/libfreetype.so.6.11.1
7f9cd3ff9000-7f9cd3fff000 r--p 0009c000 08:11 273054                     /usr/lib/x86_64-linux-gnu/libfreetype.so.6.11.1
7f9cd3fff000-7f9cd4000000 rw-p 000a2000 08:11 273054                     /usr/lib/x86_64-linux-gnu/libfreetype.so.6.11.1
7f9cd4000000-7f9cd4021000 rw-p 00000000 00:00 0 
7f9cd4021000-7f9cd8000000 ---p 00000000 00:00 0 
7f9cd8000000-7f9cd8021000 rw-p 00000000 00:00 0 
7f9cd8021000-7f9cdc000000 ---p 00000000 00:00 0 
7f9cdc000000-7f9cdc205000 rw-p 00000000 00:00 0 
7f9cdc205000-7f9ce0000000 ---p 00000000 00:00 0 
7f9ce0000000-7f9ce024a000 rw-p 00000000 00:00 0 
7f9ce024a000-7f9ce4000000 ---p 00000000 00:00 0 
7f9ce4000000-7f9ce4021000 rw-p 00000000 00:00 0 
7f9ce4021000-7f9ce8000000 ---p 00000000 00:00 0 
7f9ce8000000-7f9ce827f000 rw-p 00000000 00:00 0 
7f9ce827f000-7f9cec000000 ---p 00000000 00:00 0 
7f9cec000000-7f9cec021000 rw-p 00000000 00:00 0 
7f9cec021000-7f9cf0000000 ---p 00000000 00:00 0 
7f9cf0000000-7f9cf0021000 rw-p 00000000 00:00 0 
7f9cf0021000-7f9cf4000000 ---p 00000000 00:00 0 
7f9cf4000000-7f9cf4021000 rw-p 00000000 00:00 0 
7f9cf4021000-7f9cf8000000 ---p 00000000 00:00 0 
7f9cf8000000-7f9cf8021000 rw-p 00000000 00:00 0 
7f9cf8021000-7f9cfc000000 ---p 00000000 00:00 0 
7f9cfc000000-7f9cfc021000 rw-p 00000000 00:00 0 
7f9cfc021000-7f9d00000000 ---p 00000000 00:00 0 
7f9d00038000-7f9d00072000 r-xp 00000000 08:11 272650                     /usr/lib/x86_64-linux-gnu/libfontconfig.so.1.8.0
7f9d00072000-7f9d00271000 ---p 0003a000 08:11 272650                     /usr/lib/x86_64-linux-gnu/libfontconfig.so.1.8.0
7f9d00271000-7f9d00273000 r--p 00039000 08:11 272650                     /usr/lib/x86_64-linux-gnu/libfontconfig.so.1.8.0
7f9d00273000-7f9d00274000 rw-p 0003b000 08:11 272650                     /usr/lib/x86_64-linux-gnu/libfontconfig.so.1.8.0
7f9d00274000-7f9d0037a000 r-xp 00000000 08:11 1051118                    /lib/x86_64-linux-gnu/libglib-2.0.so.0.4002.0
7f9d0037a000-7f9d00579000 ---p 00106000 08:11 1051118                    /lib/x86_64-linux-gnu/libglib-2.0.so.0.4002.0
7f9d00579000-7f9d0057a000 r--p 00105000 08:11 1051118                    /lib/x86_64-linux-gnu/libglib-2.0.so.0.4002.0
7f9d0057a000-7f9d0057b000 rw-p 00106000 08:11 1051118                    /lib/x86_64-linux-gnu/libglib-2.0.so.0.4002.0
7f9d0057b000-7f9d0057c000 rw-p 00000000 00:00 0 
7f9d0057c000-7f9d005cb000 r-xp 00000000 08:11 272765                     /usr/lib/x86_64-linux-gnu/libgobject-2.0.so.0.4002.0
7f9d005cb000-7f9d007cb000 ---p 0004f000 08:11 272765                     /usr/lib/x86_64-linux-gnu/libgobject-2.0.so.0.4002.0
7f9d007cb000-7f9d007cc000 r--p 0004f000 08:11 272765                     /usr/lib/x86_64-linux-gnu/libgobject-2.0.so.0.4002.0
7f9d007cc000-7f9d007cd000 rw-p 00050000 08:11 272765                     /usr/lib/x86_64-linux-gnu/libgobject-2.0.so.0.4002.0
7f9d007cd000-7f9d00817000 r-xp 00000000 08:11 273089                     /usr/lib/x86_64-linux-gnu/libpango-1.0.so.0.3600.3
7f9d00817000-7f9d00a17000 ---p 0004a000 08:11 273089                     /usr/lib/x86_64-linux-gnu/libpango-1.0.so.0.3600.3
7f9d00a17000-7f9d00a19000 r--p 0004a000 08:11 273089                     /usr/lib/x86_64-linux-gnu/libpango-1.0.so.0.3600.3
7f9d00a19000-7f9d00a1a000 rw-p 0004c000 08:11 273089                     /usr/lib/x86_64-linux-gnu/libpango-1.0.so.0.3600.3
7f9d00a1a000-7f9d00a2e000 r-xp 00000000 08:11 273093                     /usr/lib/x86_64-linux-gnu/libpangoft2-1.0.so.0.3600.3
7f9d00a2e000-7f9d00c2d000 ---p 00014000 08:11 273093                     /usr/lib/x86_64-linux-gnu/libpangoft2-1.0.so.0.3600.3
7f9d00c2d000-7f9d00c2e000 r--p 00013000 08:11 273093                     /usr/lib/x86_64-linux-gnu/libpangoft2-1.0.so.0.3600.3
7f9d00c2e000-7f9d00c2f000 rw-p 00014000 08:11 273093                     /usr/lib/x86_64-linux-gnu/libpangoft2-1.0.so.0.3600.3
7f9d00c2f000-7f9d00d9b000 r-xp 00000000 08:11 272737                     /usr/lib/x86_64-linux-gnu/libgio-2.0.so.0.4002.0
7f9d00d9b000-7f9d00f9a000 ---p 0016c000 08:11 272737                     /usr/lib/x86_64-linux-gnu/libgio-2.0.so.0.4002.0
7f9d00f9a000-7f9d00f9e000 r--p 0016b000 08:11 272737                     /usr/lib/x86_64-linux-gnu/libgio-2.0.so.0.4002.0
7f9d00f9e000-7f9d00fa0000 rw-p 0016f000 08:11 272737                     /usr/lib/x86_64-linux-gnu/libgio-2.0.so.0.4002.0
7f9d00fa0000-7f9d00fa2000 rw-p 00000000 00:00 0 
7f9d00fa2000-7f9d00fc1000 r-xp 00000000 08:11 272713                     /usr/lib/x86_64-linux-gnu/libgdk_pixbuf-2.0.so.0.3000.7
7f9d00fc1000-7f9d011c1000 ---p 0001f000 08:11 272713                     /usr/lib/x86_64-linux-gnu/libgdk_pixbuf-2.0.so.0.3000.7
7f9d011c1000-7f9d011c2000 r--p 0001f000 08:11 272713                     /usr/lib/x86_64-linux-gnu/libgdk_pixbuf-2.0.so.0.3000.7
7f9d011c2000-7f9d011c3000 rw-p 00020000 08:11 272713                     /usr/lib/x86_64-linux-gnu/libgdk_pixbuf-2.0.so.0.3000.7
7f9d011c3000-7f9d012c9000 r-xp 00000000 08:11 272485                     /usr/lib/x86_64-linux-gnu/libcairo.so.2.11301.0
7f9d012c9000-7f9d014c8000 ---p 00106000 08:11 272485                     /usr/lib/x86_64-linux-gnu/libcairo.so.2.11301.0
7f9d014c8000-7f9d014cb000 r--p 00105000 08:11 272485                     /usr/lib/x86_64-linux-gnu/libcairo.so.2.11301.0
7f9d014cb000-7f9d014cc000 rw-p 00108000 08:11 272485                     /usr/lib/x86_64-linux-gnu/libcairo.so.2.11301.0
7f9d014cc000-7f9d014ce000 rw-p 00000000 00:00 0 
7f9d014ce000-7f9d014ed000 r-xp 00000000 08:11 272446                     /usr/lib/x86_64-linux-gnu/libatk-1.0.so.0.21009.1
7f9d014ed000-7f9d016ed000 ---p 0001f000 08:11 272446                     /usr/lib/x86_64-linux-gnu/libatk-1.0.so.0.21009.1
7f9d016ed000-7f9d016ef000 r--p 0001f000 08:11 272446                     /usr/lib/x86_64-linux-gnu/libatk-1.0.so.0.21009.1
7f9d016ef000-7f9d016f0000 rw-p 00021000 08:11 272446                     /usr/lib/x86_64-linux-gnu/libatk-1.0.so.0.21009.1
7f9d016f0000-7f9d016fb000 r-xp 00000000 08:11 273091                     /usr/lib/x86_64-linux-gnu/libpangocairo-1.0.so.0.3600.3
7f9d016fb000-7f9d018fb000 ---p 0000b000 08:11 273091                     /usr/lib/x86_64-linux-gnu/libpangocairo-1.0.so.0.3600.3
7f9d018fb000-7f9d018fc000 r--p 0000b000 08:11 273091                     /usr/lib/x86_64-linux-gnu/libpangocairo-1.0.so.0.3600.3
7f9d018fc000-7f9d018fd000 rw-p 0000c000 08:11 273091                     /usr/lib/x86_64-linux-gnu/libpangocairo-1.0.so.0.3600.3
7f9d018fd000-7f9d019aa000 r-xp 00000000 08:11 272711                     /usr/lib/x86_64-linux-gnu/libgdk-x11-2.0.so.0.2400.23
7f9d019aa000-7f9d01ba9000 ---p 000ad000 08:11 272711                     /usr/lib/x86_64-linux-gnu/libgdk-x11-2.0.so.0.2400.23
7f9d01ba9000-7f9d01bad000 r--p 000ac000 08:11 272711                     /usr/lib/x86_64-linux-gnu/libgdk-x11-2.0.so.0.2400.23
7f9d01bad000-7f9d01baf000 rw-p 000b0000 08:11 272711                     /usr/lib/x86_64-linux-gnu/libgdk-x11-2.0.so.0.2400.23
7f9d01baf000-7f9d01fde000 r-xp 00000000 08:11 272876                     /usr/lib/x86_64-linux-gnu/libgtk-x11-2.0.so.0.2400.23
7f9d01fde000-7f9d021dd000 ---p 0042f000 08:11 272876                     /usr/lib/x86_64-linux-gnu/libgtk-x11-2.0.so.0.2400.23
7f9d021dd000-7f9d021e4000 r--p 0042e000 08:11 272876                     /usr/lib/x86_64-linux-gnu/libgtk-x11-2.0.so.0.2400.23
7f9d021e4000-7f9d021e8000 rw-p 00435000 08:11 272876                     /usr/lib/x86_64-linux-gnu/libgtk-x11-2.0.so.0.2400.23
7f9d021e8000-7f9d021eb000 rw-p 00000000 00:00 0 
7f9d021eb000-7f9d02436000 r-xp 00000000 08:11 130840                     /tmp/javacpp5621405809168/libopencv_highgui.so.2.4
7f9d02436000-7f9d02636000 ---p 0024b000 08:11 130840                     /tmp/javacpp5621405809168/libopencv_highgui.so.2.4
7f9d02636000-7f9d0263e000 r--p 0024b000 08:11 130840                     /tmp/javacpp5621405809168/libopencv_highgui.so.2.4
7f9d0263e000-7f9d02647000 rw-p 00253000 08:11 130840                     /tmp/javacpp5621405809168/libopencv_highgui.so.2.4
7f9d02647000-7f9d0264f000 rw-p 00000000 00:00 0 
7f9d0264f000-7f9d026ef000 r-xp 00000000 08:11 130839                     /tmp/javacpp5621405809168/libjniopencv_imgproc.so
7f9d026ef000-7f9d028ef000 ---p 000a0000 08:11 130839                     /tmp/javacpp5621405809168/libjniopencv_imgproc.so
7f9d028ef000-7f9d028f0000 r--p 000a0000 08:11 130839                     /tmp/javacpp5621405809168/libjniopencv_imgproc.so
7f9d028f0000-7f9d028f1000 rw-p 000a1000 08:11 130839                     /tmp/javacpp5621405809168/libjniopencv_imgproc.so
7f9d028f1000-7f9d02b53000 r-xp 00000000 08:11 130838                     /tmp/javacpp5621405809168/libopencv_imgproc.so.2.4
7f9d02b53000-7f9d02d53000 ---p 00262000 08:11 130838                     /tmp/javacpp5621405809168/libopencv_imgproc.so.2.4
7f9d02d53000-7f9d02d5a000 r--p 00262000 08:11 130838                     /tmp/javacpp5621405809168/libopencv_imgproc.so.2.4
7f9d02d5a000-7f9d02d5c000 rw-p 00269000 08:11 130838                     /tmp/javacpp5621405809168/libopencv_imgproc.so.2.4
7f9d02d5c000-7f9d02df1000 rw-p 00000000 00:00 0 
7f9d02df1000-7f9d02fe1000 r-xp 00000000 08:11 130837                     /tmp/javacpp5621405809168/libjniopencv_core.so
7f9d02fe1000-7f9d031e0000 ---p 001f0000 08:11 130837                     /tmp/javacpp5621405809168/libjniopencv_core.so
7f9d031e0000-7f9d031e1000 r--p 001ef000 08:11 130837                     /tmp/javacpp5621405809168/libjniopencv_core.so
7f9d031e1000-7f9d031e3000 rw-p 001f0000 08:11 130837                     /tmp/javacpp5621405809168/libjniopencv_core.so
7f9d031e3000-7f9d031e4000 rw-p 00000000 00:00 0 
7f9d031e4000-7f9d03494000 r-xp 00000000 08:11 130836                     /tmp/javacpp5621405809168/libopencv_core.so.2.4
7f9d03494000-7f9d03694000 ---p 002b0000 08:11 130836                     /tmp/javacpp5621405809168/libopencv_core.so.2.4
7f9d03694000-7f9d03698000 r--p 002b0000 08:11 130836                     /tmp/javacpp5621405809168/libopencv_core.so.2.4
7f9d03698000-7f9d036a1000 rw-p 002b4000 08:11 130836                     /tmp/javacpp5621405809168/libopencv_core.so.2.4
7f9d036a1000-7f9d036a4000 rw-p 00000000 00:00 0 
7f9d036a4000-7f9d036ba000 r-xp 00000000 08:11 1051114                    /lib/x86_64-linux-gnu/libgcc_s.so.1
7f9d036ba000-7f9d038b9000 ---p 00016000 08:11 1051114                    /lib/x86_64-linux-gnu/libgcc_s.so.1
7f9d038b9000-7f9d038ba000 rw-p 00015000 08:11 1051114                    /lib/x86_64-linux-gnu/libgcc_s.so.1
7f9d038ba000-7f9d039a0000 r-xp 00000000 08:11 273258                     /usr/lib/x86_64-linux-gnu/libstdc++.so.6.0.19
7f9d039a0000-7f9d03b9f000 ---p 000e6000 08:11 273258                     /usr/lib/x86_64-linux-gnu/libstdc++.so.6.0.19
7f9d03b9f000-7f9d03ba7000 r--p 000e5000 08:11 273258                     /usr/lib/x86_64-linux-gnu/libstdc++.so.6.0.19
7f9d03ba7000-7f9d03ba9000 rw-p 000ed000 08:11 273258                     /usr/lib/x86_64-linux-gnu/libstdc++.so.6.0.19
7f9d03ba9000-7f9d03bbe000 rw-p 00000000 00:00 0 
7f9d03bbe000-7f9d03be7000 r-xp 00000000 08:11 130835                     /tmp/javacpp5621405809168/libtbb.so
7f9d03be7000-7f9d03de6000 ---p 00029000 08:11 130835                     /tmp/javacpp5621405809168/libtbb.so
7f9d03de6000-7f9d03de8000 r--p 00028000 08:11 130835                     /tmp/javacpp5621405809168/libtbb.so
7f9d03de8000-7f9d03de9000 rw-p 0002a000 08:11 130835                     /tmp/javacpp5621405809168/libtbb.so
7f9d03de9000-7f9d03dff000 r-xp 00000000 08:11 285464                     /usr/lib/jvm/java-8-oracle/jre/lib/amd64/libnet.so
7f9d03dff000-7f9d03fff000 ---p 00016000 08:11 285464                     /usr/lib/jvm/java-8-oracle/jre/lib/amd64/libnet.so
7f9d03fff000-7f9d04000000 rw-p 00016000 08:11 285464                     /usr/lib/jvm/java-8-oracle/jre/lib/amd64/libnet.so
7f9d04000000-7f9d04021000 rw-p 00000000 00:00 0 
7f9d04021000-7f9d08000000 ---p 00000000 00:00 0 
7f9d08000000-7f9d08001000 rw-p 00000000 00:00 0 
7f9d08001000-7f9d08061000 rw-s 00000000 00:04 20447246                   /SYSV00000000 (deleted)
7f9d08061000-7f9d080f7000 rw-s 00096000 00:05 12301                      /dev/video0
7f9d080f7000-7f9d0818d000 rw-s 00000000 00:05 12301                      /dev/video0
7f9d0818d000-7f9d08192000 r--p 00000000 08:13 3801612                    /home/crou/.config/dconf/user
7f9d08192000-7f9d08193000 r--s 00000000 00:15 65511                      /run/user/1000/dconf/user
7f9d08193000-7f9d081d3000 r--p 00000000 08:11 556346                     /usr/share/glib-2.0/schemas/gschemas.compiled
7f9d081d3000-7f9d081da000 r--s 00000000 08:11 546859                     /usr/lib/x86_64-linux-gnu/gconv/gconv-modules.cache
7f9d081da000-7f9d0820b000 rw-p 00000000 00:00 0 
7f9d0820b000-7f9d0820e000 ---p 00000000 00:00 0 
7f9d0820e000-7f9d0830c000 rw-p 00000000 00:00 0                          [stack:13195]
7f9d0830c000-7f9d0830d000 r-xp 00000000 08:11 1071435                    /opt/idea-IU-139.1117.1/bin/libbreakgen64.so
7f9d0830d000-7f9d0850c000 ---p 00001000 08:11 1071435                    /opt/idea-IU-139.1117.1/bin/libbreakgen64.so
7f9d0850c000-7f9d0850d000 r--p 00000000 08:11 1071435                    /opt/idea-IU-139.1117.1/bin/libbreakgen64.so
7f9d0850d000-7f9d0850e000 rw-p 00001000 08:11 1071435                    /opt/idea-IU-139.1117.1/bin/libbreakgen64.so
7f9d0850e000-7f9d08510000 r--s 00016000 08:11 1071598                    /opt/idea-IU-139.1117.1/lib/idea_rt.jar
7f9d08510000-7f9d08511000 r--s 00056000 08:13 4064742                    /home/crou/javacv-bin/artoolkitplus-android-x86.jar
7f9d08511000-7f9d08513000 r--s 00046000 08:13 4064762                    /home/crou/javacv-bin/artoolkitplus-android-arm.jar
7f9d08513000-7f9d08514000 r--s 00038000 08:13 4064731                    /home/crou/javacv-bin/flandmark-android-x86.jar
7f9d08514000-7f9d08515000 r--s 0002c000 08:13 4064775                    /home/crou/javacv-bin/flandmark-android-arm.jar
7f9d08515000-7f9d08517000 r--s 00ab4000 08:13 4064732                    /home/crou/javacv-bin/opencv-android-x86.jar
7f9d08517000-7f9d08519000 r--s 008c7000 08:13 4064752                    /home/crou/javacv-bin/opencv-android-arm.jar
7f9d08519000-7f9d0851a000 r--s 007c6000 08:13 4064749                    /home/crou/javacv-bin/ffmpeg-android-x86.jar
7f9d0851a000-7f9d0851b000 r--s 007e6000 08:13 4064755                    /home/crou/javacv-bin/ffmpeg-android-arm.jar
7f9d0851b000-7f9d0851c000 r--s 00008000 08:13 4064776                    /home/crou/javacv-bin/flandmark-windows-x86_64.jar
7f9d0851c000-7f9d0851d000 r--s 00007000 08:13 4064765                    /home/crou/javacv-bin/flandmark-windows-x86.jar
7f9d0851d000-7f9d0851f000 r--s 00008000 08:13 4064728                    /home/crou/javacv-bin/flandmark-macosx-x86_64.jar
7f9d0851f000-7f9d08520000 r--s 00009000 08:13 4064748                    /home/crou/javacv-bin/flandmark-linux-x86_64.jar
7f9d08520000-7f9d08521000 r--s 00008000 08:13 4064766                    /home/crou/javacv-bin/flandmark-linux-x86.jar
7f9d08521000-7f9d08522000 r--s 00002000 08:13 4064747                    /home/crou/javacv-bin/flandmark.jar
7f9d08522000-7f9d08524000 r--s 00024000 08:13 4064763                    /home/crou/javacv-bin/artoolkitplus-windows-x86_64.jar
7f9d08524000-7f9d08525000 r--s 0001d000 08:13 4064736                    /home/crou/javacv-bin/artoolkitplus-windows-x86.jar
7f9d08525000-7f9d08526000 r--s 00025000 08:13 4064767                    /home/crou/javacv-bin/artoolkitplus-macosx-x86_64.jar
7f9d08526000-7f9d08527000 r--s 00029000 08:13 4064740                    /home/crou/javacv-bin/artoolkitplus-linux-x86_64.jar
7f9d08527000-7f9d08529000 r--s 00024000 08:13 4064769                    /home/crou/javacv-bin/artoolkitplus-linux-x86.jar
7f9d08529000-7f9d0852a000 r--s 00005000 08:13 4064772                    /home/crou/javacv-bin/artoolkitplus.jar
7f9d0852a000-7f9d0852c000 r--s 0000a000 08:13 4064753                    /home/crou/javacv-bin/videoinput-windows-x86_64.jar
7f9d0852c000-7f9d0852d000 r--s 00008000 08:13 4064777                    /home/crou/javacv-bin/videoinput-windows-x86.jar
7f9d0852d000-7f9d0852e000 r--s 00003000 08:13 4064735                    /home/crou/javacv-bin/videoinput.jar
7f9d0852e000-7f9d0852f000 r--s 0002c000 08:13 4064746                    /home/crou/javacv-bin/libfreenect-windows-x86_64.jar
7f9d0852f000-7f9d08531000 r--s 00024000 08:13 4064737                    /home/crou/javacv-bin/libfreenect-windows-x86.jar
7f9d08531000-7f9d08533000 r--s 00011000 08:13 4064730                    /home/crou/javacv-bin/libfreenect-macosx-x86_64.jar
7f9d08533000-7f9d08534000 r--s 00013000 08:13 4064760                    /home/crou/javacv-bin/libfreenect-linux-x86_64.jar
7f9d08534000-7f9d08536000 r--s 00012000 08:13 4064727                    /home/crou/javacv-bin/libfreenect-linux-x86.jar
7f9d08536000-7f9d08538000 r--s 00004000 08:13 4064774                    /home/crou/javacv-bin/libfreenect.jar
7f9d08538000-7f9d08539000 r--s 00026000 08:13 4064750                    /home/crou/javacv-bin/libdc1394-macosx-x86_64.jar
7f9d08539000-7f9d0853a000 r--s 00027000 08:13 4064761                    /home/crou/javacv-bin/libdc1394-linux-x86_64.jar
7f9d0853a000-7f9d0853b000 r--s 00026000 08:13 4064756                    /home/crou/javacv-bin/libdc1394-linux-x86.jar
7f9d0853b000-7f9d0853d000 r--s 00006000 08:13 4064734                    /home/crou/javacv-bin/libdc1394.jar
7f9d0853d000-7f9d0853f000 r--s 0003c000 08:13 4064726                    /home/crou/javacv-bin/flycapture-windows-x86_64.jar
7f9d0853f000-7f9d08540000 r--s 0002a000 08:13 4064741                    /home/crou/javacv-bin/flycapture-windows-x86.jar
7f9d08540000-7f9d08541000 r--s 00039000 08:13 4064768                    /home/crou/javacv-bin/flycapture-linux-x86_64.jar
7f9d08541000-7f9d08546000 r--s 0001e000 08:13 4064759                    /home/crou/javacv-bin/flycapture.jar
7f9d08546000-7f9d08548000 r--s 00da0000 08:13 4064743                    /home/crou/javacv-bin/ffmpeg-windows-x86_64.jar
7f9d08548000-7f9d0854a000 r--s 00c9d000 08:13 4064754                    /home/crou/javacv-bin/ffmpeg-windows-x86.jar
7f9d0854a000-7f9d0854c000 r--s 006f5000 08:13 4064744                    /home/crou/javacv-bin/ffmpeg-macosx-x86_64.jar
7f9d0854c000-7f9d0854e000 r--s 007a9000 08:13 4064773                    /home/crou/javacv-bin/ffmpeg-linux-x86_64.jar
7f9d0854e000-7f9d08550000 r--s 00766000 08:13 4064745                    /home/crou/javacv-bin/ffmpeg-linux-x86.jar
7f9d08550000-7f9d08557000 r--s 00030000 08:13 4064770                    /home/crou/javacv-bin/ffmpeg.jar
7f9d08557000-7f9d08559000 r--s 00d86000 08:13 4064758                    /home/crou/javacv-bin/opencv-windows-x86_64.jar
7f9d08559000-7f9d0855a000 ---p 00000000 00:00 0 
7f9d0855a000-7f9d0865a000 rw-p 00000000 00:00 0                          [stack:13194]
7f9d0865a000-7f9d0865d000 ---p 00000000 00:00 0 
7f9d0865d000-7f9d0875b000 rw-p 00000000 00:00 0                          [stack:13193]
7f9d0875b000-7f9d0875e000 ---p 00000000 00:00 0 
7f9d0875e000-7f9d0885c000 rw-p 00000000 00:00 0                          [stack:13192]
7f9d0885c000-7f9d0885f000 ---p 00000000 00:00 0 
7f9d0885f000-7f9d0895d000 rw-p 00000000 00:00 0                          [stack:13191]
7f9d0895d000-7f9d08960000 ---p 00000000 00:00 0 
7f9d08960000-7f9d08a5e000 rw-p 00000000 00:00 0                          [stack:13190]
7f9d08a5e000-7f9d08a61000 ---p 00000000 00:00 0 
7f9d08a61000-7f9d08b5f000 rw-p 00000000 00:00 0                          [stack:13189]
7f9d08b5f000-7f9d09372000 r--p 00000000 08:11 270060                     /usr/lib/locale/locale-archive
7f9d09372000-7f9d09375000 ---p 00000000 00:00 0 
7f9d09375000-7f9d09473000 rw-p 00000000 00:00 0                          [stack:13182]
7f9d09473000-7f9d09476000 ---p 00000000 00:00 0 
7f9d09476000-7f9d09574000 rw-p 00000000 00:00 0                          [stack:13179]
7f9d09574000-7f9d09575000 ---p 00000000 00:00 0 
7f9d09575000-7f9d0c000000 rw-p 00000000 00:00 0                          [stack:13177]
7f9d0c000000-7f9d0c021000 rw-p 00000000 00:00 0 
7f9d0c021000-7f9d10000000 ---p 00000000 00:00 0 
7f9d10000000-7f9d10002000 r--s 00bef000 08:13 4064771                    /home/crou/javacv-bin/opencv-windows-x86.jar
7f9d10002000-7f9d10004000 r--s 00743000 08:13 4064751                    /home/crou/javacv-bin/opencv-macosx-x86_64.jar
7f9d10004000-7f9d10017000 r--s 000b4000 08:13 4064764                    /home/crou/javacv-bin/opencv.jar
7f9d10017000-7f9d1001c000 r--s 00033000 08:13 4064733                    /home/crou/javacv-bin/javacpp.jar
7f9d1001c000-7f9d10020000 r--s 0004e000 08:13 4064739                    /home/crou/javacv-bin/javacv.jar
7f9d10020000-7f9d10029000 r--s 0006a000 08:11 285486                     /usr/lib/jvm/java-8-oracle/jre/lib/javaws.jar
7f9d10029000-7f9d1003c000 r--s 000d5000 08:11 285400                     /usr/lib/jvm/java-8-oracle/jre/lib/plugin.jar
7f9d1003c000-7f9d10440000 rw-p 00000000 00:00 0 
7f9d10440000-7f9d10618000 r--s 03d09000 08:11 285403                     /usr/lib/jvm/java-8-oracle/jre/lib/rt.jar
7f9d10618000-7f9d10bd8000 rw-p 00000000 00:00 0 
7f9d10bd8000-7f9d10e18000 ---p 00000000 00:00 0 
7f9d10e18000-7f9d11000000 rw-p 00000000 00:00 0 
7f9d11000000-7f9d11270000 rwxp 00000000 00:00 0 
7f9d11270000-7f9d20000000 ---p 00000000 00:00 0 
7f9d20000000-7f9d20a37000 rw-p 00000000 00:00 0 
7f9d20a37000-7f9d24000000 ---p 00000000 00:00 0 
7f9d24000000-7f9d24005000 r--s 00094000 08:11 285419                     /usr/lib/jvm/java-8-oracle/jre/lib/jsse.jar
7f9d24005000-7f9d24018000 r--s 00344000 08:11 285341                     /usr/lib/jvm/java-8-oracle/jre/lib/resources.jar
7f9d24018000-7f9d24032000 r--s 001f3000 08:11 285314                     /usr/lib/jvm/java-8-oracle/jre/lib/deploy.jar
7f9d24032000-7f9d2415a000 rw-p 00000000 00:00 0 
7f9d2415a000-7f9d2415b000 ---p 00000000 00:00 0 
7f9d2415b000-7f9d2425b000 rw-p 00000000 00:00 0                          [stack:13172]
7f9d2425b000-7f9d2425c000 ---p 00000000 00:00 0 
7f9d2425c000-7f9d2435c000 rw-p 00000000 00:00 0                          [stack:13171]
7f9d2435c000-7f9d2435d000 ---p 00000000 00:00 0 
7f9d2435d000-7f9d2445d000 rw-p 00000000 00:00 0                          [stack:13170]
7f9d2445d000-7f9d2445e000 ---p 00000000 00:00 0 
7f9d2445e000-7f9d24573000 rw-p 00000000 00:00 0                          [stack:13169]
7f9d24573000-7f9d246a4000 ---p 00000000 00:00 0 
7f9d246a4000-7f9d246b9000 rw-p 00000000 00:00 0 
7f9d246b9000-7f9d247e9000 ---p 00000000 00:00 0 
7f9d247e9000-7f9d247f4000 rw-p 00000000 00:00 0 
7f9d247f4000-7f9d2488c000 ---p 00000000 00:00 0 
7f9d2488c000-7f9d24897000 rw-p 00000000 00:00 0 
7f9d24897000-7f9d24c4d000 ---p 00000000 00:00 0 
7f9d24c4d000-7f9d24c67000 r-xp 00000000 08:11 285463                     /usr/lib/jvm/java-8-oracle/jre/lib/amd64/libzip.so
7f9d24c67000-7f9d24e67000 ---p 0001a000 08:11 285463                     /usr/lib/jvm/java-8-oracle/jre/lib/amd64/libzip.so
7f9d24e67000-7f9d24e68000 rw-p 0001a000 08:11 285463                     /usr/lib/jvm/java-8-oracle/jre/lib/amd64/libzip.so
7f9d24e68000-7f9d24e73000 r-xp 00000000 08:11 1066871                    /lib/x86_64-linux-gnu/libnss_files-2.19.so
7f9d24e73000-7f9d25072000 ---p 0000b000 08:11 1066871                    /lib/x86_64-linux-gnu/libnss_files-2.19.so
7f9d25072000-7f9d25073000 r--p 0000a000 08:11 1066871                    /lib/x86_64-linux-gnu/libnss_files-2.19.so
7f9d25073000-7f9d25074000 rw-p 0000b000 08:11 1066871                    /lib/x86_64-linux-gnu/libnss_files-2.19.so
7f9d25074000-7f9d2507f000 r-xp 00000000 08:11 1066935                    /lib/x86_64-linux-gnu/libnss_nis-2.19.so
7f9d2507f000-7f9d2527e000 ---p 0000b000 08:11 1066935                    /lib/x86_64-linux-gnu/libnss_nis-2.19.so
7f9d2527e000-7f9d2527f000 r--p 0000a000 08:11 1066935                    /lib/x86_64-linux-gnu/libnss_nis-2.19.so
7f9d2527f000-7f9d25280000 rw-p 0000b000 08:11 1066935                    /lib/x86_64-linux-gnu/libnss_nis-2.19.so
7f9d25280000-7f9d25297000 r-xp 00000000 08:11 1066911                    /lib/x86_64-linux-gnu/libnsl-2.19.so
7f9d25297000-7f9d25496000 ---p 00017000 08:11 1066911                    /lib/x86_64-linux-gnu/libnsl-2.19.so
7f9d25496000-7f9d25497000 r--p 00016000 08:11 1066911                    /lib/x86_64-linux-gnu/libnsl-2.19.so
7f9d25497000-7f9d25498000 rw-p 00017000 08:11 1066911                    /lib/x86_64-linux-gnu/libnsl-2.19.so
7f9d25498000-7f9d2549a000 rw-p 00000000 00:00 0 
7f9d2549a000-7f9d254a3000 r-xp 00000000 08:11 1066906                    /lib/x86_64-linux-gnu/libnss_compat-2.19.so
7f9d254a3000-7f9d256a2000 ---p 00009000 08:11 1066906                    /lib/x86_64-linux-gnu/libnss_compat-2.19.so
7f9d256a2000-7f9d256a3000 r--p 00008000 08:11 1066906                    /lib/x86_64-linux-gnu/libnss_compat-2.19.so
7f9d256a3000-7f9d256a4000 rw-p 00009000 08:11 1066906                    /lib/x86_64-linux-gnu/libnss_compat-2.19.so
7f9d256a4000-7f9d256ce000 r-xp 00000000 08:11 285421                     /usr/lib/jvm/java-8-oracle/jre/lib/amd64/libjava.so
7f9d256ce000-7f9d258ce000 ---p 0002a000 08:11 285421                     /usr/lib/jvm/java-8-oracle/jre/lib/amd64/libjava.so
7f9d258ce000-7f9d258d0000 rw-p 0002a000 08:11 285421                     /usr/lib/jvm/java-8-oracle/jre/lib/amd64/libjava.so
7f9d258d0000-7f9d258dd000 r-xp 00000000 08:11 285457                     /usr/lib/jvm/java-8-oracle/jre/lib/amd64/libverify.so
7f9d258dd000-7f9d25add000 ---p 0000d000 08:11 285457                     /usr/lib/jvm/java-8-oracle/jre/lib/amd64/libverify.so
7f9d25add000-7f9d25adf000 rw-p 0000d000 08:11 285457                     /usr/lib/jvm/java-8-oracle/jre/lib/amd64/libverify.so
7f9d25adf000-7f9d25ae6000 r-xp 00000000 08:11 1066927                    /lib/x86_64-linux-gnu/librt-2.19.so
7f9d25ae6000-7f9d25ce5000 ---p 00007000 08:11 1066927                    /lib/x86_64-linux-gnu/librt-2.19.so
7f9d25ce5000-7f9d25ce6000 r--p 00006000 08:11 1066927                    /lib/x86_64-linux-gnu/librt-2.19.so
7f9d25ce6000-7f9d25ce7000 rw-p 00007000 08:11 1066927                    /lib/x86_64-linux-gnu/librt-2.19.so
7f9d25ce7000-7f9d25dec000 r-xp 00000000 08:11 1066869                    /lib/x86_64-linux-gnu/libm-2.19.so
7f9d25dec000-7f9d25feb000 ---p 00105000 08:11 1066869                    /lib/x86_64-linux-gnu/libm-2.19.so
7f9d25feb000-7f9d25fec000 r--p 00104000 08:11 1066869                    /lib/x86_64-linux-gnu/libm-2.19.so
7f9d25fec000-7f9d25fed000 rw-p 00105000 08:11 1066869                    /lib/x86_64-linux-gnu/libm-2.19.so
7f9d25fed000-7f9d26c9b000 r-xp 00000000 08:11 285426                     /usr/lib/jvm/java-8-oracle/jre/lib/amd64/server/libjvm.so
7f9d26c9b000-7f9d26e9a000 ---p 00cae000 08:11 285426                     /usr/lib/jvm/java-8-oracle/jre/lib/amd64/server/libjvm.so
7f9d26e9a000-7f9d26f71000 rw-p 00cad000 08:11 285426                     /usr/lib/jvm/java-8-oracle/jre/lib/amd64/server/libjvm.so
7f9d26f71000-7f9d26fb5000 rw-p 00000000 00:00 0 
7f9d26fb5000-7f9d27170000 r-xp 00000000 08:11 1066922                    /lib/x86_64-linux-gnu/libc-2.19.so
7f9d27170000-7f9d2736f000 ---p 001bb000 08:11 1066922                    /lib/x86_64-linux-gnu/libc-2.19.so
7f9d2736f000-7f9d27373000 r--p 001ba000 08:11 1066922                    /lib/x86_64-linux-gnu/libc-2.19.so
7f9d27373000-7f9d27375000 rw-p 001be000 08:11 1066922                    /lib/x86_64-linux-gnu/libc-2.19.so
7f9d27375000-7f9d2737a000 rw-p 00000000 00:00 0 
7f9d2737a000-7f9d2737d000 r-xp 00000000 08:11 1066889                    /lib/x86_64-linux-gnu/libdl-2.19.so
7f9d2737d000-7f9d2757c000 ---p 00003000 08:11 1066889                    /lib/x86_64-linux-gnu/libdl-2.19.so
7f9d2757c000-7f9d2757d000 r--p 00002000 08:11 1066889                    /lib/x86_64-linux-gnu/libdl-2.19.so
7f9d2757d000-7f9d2757e000 rw-p 00003000 08:11 1066889                    /lib/x86_64-linux-gnu/libdl-2.19.so
7f9d2757e000-7f9d27593000 r-xp 00000000 08:11 398531                     /usr/lib/jvm/java-8-oracle/lib/amd64/jli/libjli.so
7f9d27593000-7f9d27793000 ---p 00015000 08:11 398531                     /usr/lib/jvm/java-8-oracle/lib/amd64/jli/libjli.so
7f9d27793000-7f9d27794000 rw-p 00015000 08:11 398531                     /usr/lib/jvm/java-8-oracle/lib/amd64/jli/libjli.so
7f9d27794000-7f9d277ad000 r-xp 00000000 08:11 1066924                    /lib/x86_64-linux-gnu/libpthread-2.19.so
7f9d277ad000-7f9d279ac000 ---p 00019000 08:11 1066924                    /lib/x86_64-linux-gnu/libpthread-2.19.so
7f9d279ac000-7f9d279ad000 r--p 00018000 08:11 1066924                    /lib/x86_64-linux-gnu/libpthread-2.19.so
7f9d279ad000-7f9d279ae000 rw-p 00019000 08:11 1066924                    /lib/x86_64-linux-gnu/libpthread-2.19.so
7f9d279ae000-7f9d279b2000 rw-p 00000000 00:00 0 
7f9d279b2000-7f9d279d5000 r-xp 00000000 08:11 1066914                    /lib/x86_64-linux-gnu/ld-2.19.so
7f9d279d5000-7f9d279d7000 r--s 007c6000 08:13 4064738                    /home/crou/javacv-bin/opencv-linux-x86_64.jar
7f9d279d7000-7f9d27ab0000 rw-p 00000000 00:00 0 
7f9d27ab0000-7f9d27ab3000 ---p 00000000 00:00 0 
7f9d27ab3000-7f9d27bb5000 rw-p 00000000 00:00 0                          [stack:13167]
7f9d27bb5000-7f9d27bb6000 r--s 00034000 08:13 4064757                    /home/crou/javacv-bin/flycapture-linux-x86.jar
7f9d27bb6000-7f9d27bb8000 r--s 0079f000 08:13 4064729                    /home/crou/javacv-bin/opencv-linux-x86.jar
7f9d27bb8000-7f9d27bbd000 r--s 002f8000 08:11 285402                     /usr/lib/jvm/java-8-oracle/jre/lib/charsets.jar
7f9d27bbd000-7f9d27bc0000 r--s 0001a000 08:11 285399                     /usr/lib/jvm/java-8-oracle/jre/lib/jce.jar
7f9d27bc0000-7f9d27bc1000 r--s 00000000 08:11 285398                     /usr/lib/jvm/java-8-oracle/jre/lib/management-agent.jar
7f9d27bc1000-7f9d27bc6000 r--s 00083000 08:11 285206                     /usr/lib/jvm/java-8-oracle/jre/lib/jfr.jar
7f9d27bc6000-7f9d27bc8000 r--s 00007000 08:11 285198                     /usr/lib/jvm/java-8-oracle/jre/lib/jfxswt.jar
7f9d27bc8000-7f9d27bd0000 rw-s 00000000 08:11 130832                     /tmp/hsperfdata_crou/13165
7f9d27bd0000-7f9d27bd1000 rw-p 00000000 00:00 0 
7f9d27bd1000-7f9d27bd2000 r--p 00000000 00:00 0 
7f9d27bd2000-7f9d27bd4000 rw-p 00000000 00:00 0 
7f9d27bd4000-7f9d27bd5000 r--p 00022000 08:11 1066914                    /lib/x86_64-linux-gnu/ld-2.19.so
7f9d27bd5000-7f9d27bd6000 rw-p 00023000 08:11 1066914                    /lib/x86_64-linux-gnu/ld-2.19.so
7f9d27bd6000-7f9d27bd7000 rw-p 00000000 00:00 0 
7fffee006000-7fffee028000 rw-p 00000000 00:00 0                          [stack]
7fffee166000-7fffee168000 r-xp 00000000 00:00 0                          [vdso]
7fffee168000-7fffee16a000 r--p 00000000 00:00 0                          [vvar]
ffffffffff600000-ffffffffff601000 r-xp 00000000 00:00 0                  [vsyscall]

VM Arguments:
jvm_args: -Didea.launcher.port=7532 -Didea.launcher.bin.path=/opt/idea-IU-139.1117.1/bin -Dfile.encoding=UTF-8 
java_command: com.intellij.rt.execution.application.AppMain Main
java_class_path (initial): /usr/lib/jvm/java-8-oracle/jre/lib/jfxswt.jar:/usr/lib/jvm/java-8-oracle/jre/lib/jfr.jar:/usr/lib/jvm/java-8-oracle/jre/lib/deploy.jar:/usr/lib/jvm/java-8-oracle/jre/lib/resources.jar:/usr/lib/jvm/java-8-oracle/jre/lib/management-agent.jar:/usr/lib/jvm/java-8-oracle/jre/lib/jce.jar:/usr/lib/jvm/java-8-oracle/jre/lib/plugin.jar:/usr/lib/jvm/java-8-oracle/jre/lib/charsets.jar:/usr/lib/jvm/java-8-oracle/jre/lib/rt.jar:/usr/lib/jvm/java-8-oracle/jre/lib/jsse.jar:/usr/lib/jvm/java-8-oracle/jre/lib/javaws.jar:/usr/lib/jvm/java-8-oracle/jre/lib/ext/jfxrt.jar:/usr/lib/jvm/java-8-oracle/jre/lib/ext/localedata.jar:/usr/lib/jvm/java-8-oracle/jre/lib/ext/cldrdata.jar:/usr/lib/jvm/java-8-oracle/jre/lib/ext/sunec.jar:/usr/lib/jvm/java-8-oracle/jre/lib/ext/nashorn.jar:/usr/lib/jvm/java-8-oracle/jre/lib/ext/sunjce_provider.jar:/usr/lib/jvm/java-8-oracle/jre/lib/ext/zipfs.jar:/usr/lib/jvm/java-8-oracle/jre/lib/ext/dnsns.jar:/usr/lib/jvm/java-8-oracle/jre/lib/ext/sunpkcs11.jar:/home/crou/DiplomProject/target/classes:/home/crou/javacv-bin/javacv.jar:/home/crou/javacv-bin/ffmpeg.jar:/home/crou/javacv-bin/flycapture.jar:/home/crou/javacv-bin/libfreenect.jar:/home/crou/javacv-bin/libdc1394.jar:/home/crou/javacv-bin/javacpp.jar:/home/crou/javacv-bin/opencv.jar:/home/crou/javacv-bin/videoinput.jar:/home/crou/javacv-bin/flandmark.jar:/home/crou/javacv-bin/artoolkitplus.jar:/home/crou/javacv-bin/ffmpeg-linux-x86.jar:/home/crou/javacv-bin/opencv-linux-x86.jar:/home/crou/javacv-bin/ffmpeg-android-arm.jar:/home/crou/javacv-bin/ffmpeg-android-x86.jar:/home/crou/javacv-bin/ffmpeg-windows-x86.jar:/home/crou/javacv-bin/opencv-android-arm.jar:/home/crou/javacv-bin/opencv-android-x86.jar:/home/crou/javacv-bin/opencv-windows-x86.jar:/home/crou/javacv-bin/ffmpeg-linux-x86_64.jar:/home/crou/javacv-bin/flandmark-linux-x86.jar:/home/crou/javacv-bin/libdc1394-linux-x86.jar:/home/crou/javacv-bin/opencv-linux-x86_64.jar:/home/crou/javacv-bin/ffmpeg-macosx-x86_64.jar:/home/crou/ja
Launcher Type: SUN_STANDARD

Environment Variables:
CLASSPATH=/opt/idea-IU-139.1117.1/bin/../lib/bootstrap.jar:/opt/idea-IU-139.1117.1/bin/../lib/extensions.jar:/opt/idea-IU-139.1117.1/bin/../lib/util.jar:/opt/idea-IU-139.1117.1/bin/../lib/jdom.jar:/opt/idea-IU-139.1117.1/bin/../lib/log4j.jar:/opt/idea-IU-139.1117.1/bin/../lib/trove4j.jar:/opt/idea-IU-139.1117.1/bin/../lib/jna.jar:/usr/lib/jvm/java-8-oracle/lib/tools.jar
PATH=/usr/local/sbin:/usr/local/bin:/usr/sbin:/usr/bin:/sbin:/bin:/usr/games:/usr/local/games
LD_LIBRARY_PATH=/opt/idea-IU-139.1117.1/bin:
SHELL=/bin/bash
DISPLAY=:0

Signal Handlers:
SIGSEGV: [libjvm.so+0xaad2e0], sa_mask[0]=11111111011111111101111111111110, sa_flags=SA_RESTART|SA_SIGINFO
SIGBUS: [libjvm.so+0xaad2e0], sa_mask[0]=11111111011111111101111111111110, sa_flags=SA_RESTART|SA_SIGINFO
SIGFPE: [libjvm.so+0x90b550], sa_mask[0]=11111111011111111101111111111110, sa_flags=SA_RESTART|SA_SIGINFO
SIGPIPE: SIG_IGN, sa_mask[0]=00000000000010000000000000000000, sa_flags=SA_RESTART
SIGXFSZ: [libjvm.so+0x90b550], sa_mask[0]=11111111011111111101111111111110, sa_flags=SA_RESTART|SA_SIGINFO
SIGILL: [libjvm.so+0x90b550], sa_mask[0]=11111111011111111101111111111110, sa_flags=SA_RESTART|SA_SIGINFO
SIGUSR1: SIG_DFL, sa_mask[0]=00000000000000000000000000000000, sa_flags=none
SIGUSR2: [libjvm.so+0x90cb90], sa_mask[0]=00100000000000000000000000000000, sa_flags=SA_RESTART|SA_SIGINFO
SIGHUP: [libjvm.so+0x90dee0], sa_mask[0]=11111111011111111101111111111110, sa_flags=SA_RESTART|SA_SIGINFO
SIGINT: [libjvm.so+0x90dee0], sa_mask[0]=11111111011111111101111111111110, sa_flags=SA_RESTART|SA_SIGINFO
SIGTERM: [libjvm.so+0x90dee0], sa_mask[0]=11111111011111111101111111111110, sa_flags=SA_RESTART|SA_SIGINFO
SIGQUIT: [libjvm.so+0x90dee0], sa_mask[0]=11111111011111111101111111111110, sa_flags=SA_RESTART|SA_SIGINFO


---------------  S Y S T E M  ---------------

OS:DISTRIB_ID=Ubuntu
DISTRIB_RELEASE=14.04
DISTRIB_CODENAME=trusty
DISTRIB_DESCRIPTION="Ubuntu 14.04.2 LTS"

uname:Linux 3.16.0-33-generic #44~14.04.1-Ubuntu SMP Fri Mar 13 10:33:29 UTC 2015 x86_64
libc:glibc 2.19 NPTL 2.19 
rlimit: STACK 8192k, CORE 0k, NPROC 15517, NOFILE 4096, AS infinity
load average:2,41 2,01 1,52

/proc/meminfo:
MemTotal:        3993836 kB
MemFree:         1264284 kB
MemAvailable:    1385080 kB
Buffers:            4012 kB
Cached:           372312 kB
SwapCached:       275044 kB
Active:          1363620 kB
Inactive:         688236 kB
Active(anon):    1302324 kB
Inactive(anon):   479584 kB
Active(file):      61296 kB
Inactive(file):   208652 kB
Unevictable:         828 kB
Mlocked:             828 kB
SwapTotal:       5995628 kB
SwapFree:        4148720 kB
Dirty:             12032 kB
Writeback:             0 kB
AnonPages:       1657356 kB
Mapped:           125228 kB
Shmem:            105624 kB
Slab:              78232 kB
SReclaimable:      39584 kB
SUnreclaim:        38648 kB
KernelStack:       12496 kB
PageTables:        53584 kB
NFS_Unstable:          0 kB
Bounce:                0 kB
WritebackTmp:          0 kB
CommitLimit:     7992544 kB
Committed_AS:    8678148 kB
VmallocTotal:   34359738367 kB
VmallocUsed:      568260 kB
VmallocChunk:   34359118844 kB
HardwareCorrupted:     0 kB
AnonHugePages:    796672 kB
HugePages_Total:       0
HugePages_Free:        0
HugePages_Rsvd:        0
HugePages_Surp:        0
Hugepagesize:       2048 kB
DirectMap4k:       98560 kB
DirectMap2M:     4042752 kB


CPU:total 4 (2 cores per cpu, 2 threads per core) family 6 model 42 stepping 7, cmov, cx8, fxsr, mmx, sse, sse2, sse3, ssse3, sse4.1, sse4.2, popcnt, avx, aes, clmul, ht, tsc, tscinvbit

/proc/cpuinfo:
processor	: 0
vendor_id	: GenuineIntel
cpu family	: 6
model		: 42
model name	: Intel(R) Core(TM) i5-2410M CPU @ 2.30GHz
stepping	: 7
microcode	: 0x1a
cpu MHz		: 2699.984
cache size	: 3072 KB
physical id	: 0
siblings	: 4
core id		: 0
cpu cores	: 2
apicid		: 0
initial apicid	: 0
fpu		: yes
fpu_exception	: yes
cpuid level	: 13
wp		: yes
flags		: fpu vme de pse tsc msr pae mce cx8 apic sep mtrr pge mca cmov pat pse36 clflush dts acpi mmx fxsr sse sse2 ss ht tm pbe syscall nx rdtscp lm constant_tsc arch_perfmon pebs bts rep_good nopl xtopology nonstop_tsc aperfmperf eagerfpu pni pclmulqdq dtes64 monitor ds_cpl vmx est tm2 ssse3 cx16 xtpr pdcm pcid sse4_1 sse4_2 x2apic popcnt tsc_deadline_timer aes xsave avx lahf_lm ida arat epb xsaveopt pln pts dtherm tpr_shadow vnmi flexpriority ept vpid
bogomips	: 4589.60
clflush size	: 64
cache_alignment	: 64
address sizes	: 36 bits physical, 48 bits virtual
power management:

processor	: 1
vendor_id	: GenuineIntel
cpu family	: 6
model		: 42
model name	: Intel(R) Core(TM) i5-2410M CPU @ 2.30GHz
stepping	: 7
microcode	: 0x1a
cpu MHz		: 2699.984
cache size	: 3072 KB
physical id	: 0
siblings	: 4
core id		: 0
cpu cores	: 2
apicid		: 1
initial apicid	: 1
fpu		: yes
fpu_exception	: yes
cpuid level	: 13
wp		: yes
flags		: fpu vme de pse tsc msr pae mce cx8 apic sep mtrr pge mca cmov pat pse36 clflush dts acpi mmx fxsr sse sse2 ss ht tm pbe syscall nx rdtscp lm constant_tsc arch_perfmon pebs bts rep_good nopl xtopology nonstop_tsc aperfmperf eagerfpu pni pclmulqdq dtes64 monitor ds_cpl vmx est tm2 ssse3 cx16 xtpr pdcm pcid sse4_1 sse4_2 x2apic popcnt tsc_deadline_timer aes xsave avx lahf_lm ida arat epb xsaveopt pln pts dtherm tpr_shadow vnmi flexpriority ept vpid
bogomips	: 4589.60
clflush size	: 64
cache_alignment	: 64
address sizes	: 36 bits physical, 48 bits virtual
power management:

processor	: 2
vendor_id	: GenuineIntel
cpu family	: 6
model		: 42
model name	: Intel(R) Core(TM) i5-2410M CPU @ 2.30GHz
stepping	: 7
microcode	: 0x1a
cpu MHz		: 2699.984
cache size	: 3072 KB
physical id	: 0
siblings	: 4
core id		: 1
cpu cores	: 2
apicid		: 2
initial apicid	: 2
fpu		: yes
fpu_exception	: yes
cpuid level	: 13
wp		: yes
flags		: fpu vme de pse tsc msr pae mce cx8 apic sep mtrr pge mca cmov pat pse36 clflush dts acpi mmx fxsr sse sse2 ss ht tm pbe syscall nx rdtscp lm constant_tsc arch_perfmon pebs bts rep_good nopl xtopology nonstop_tsc aperfmperf eagerfpu pni pclmulqdq dtes64 monitor ds_cpl vmx est tm2 ssse3 cx16 xtpr pdcm pcid sse4_1 sse4_2 x2apic popcnt tsc_deadline_timer aes xsave avx lahf_lm ida arat epb xsaveopt pln pts dtherm tpr_shadow vnmi flexpriority ept vpid
bogomips	: 4589.60
clflush size	: 64
cache_alignment	: 64
address sizes	: 36 bits physical, 48 bits virtual
power management:

processor	: 3
vendor_id	: GenuineIntel
cpu family	: 6
model		: 42
model name	: Intel(R) Core(TM) i5-2410M CPU @ 2.30GHz
stepping	: 7
microcode	: 0x1a
cpu MHz		: 2699.984
cache size	: 3072 KB
physical id	: 0
siblings	: 4
core id		: 1
cpu cores	: 2
apicid		: 3
initial apicid	: 3
fpu		: yes
fpu_exception	: yes
cpuid level	: 13
wp		: yes
flags		: fpu vme de pse tsc msr pae mce cx8 apic sep mtrr pge mca cmov pat pse36 clflush dts acpi mmx fxsr sse sse2 ss ht tm pbe syscall nx rdtscp lm constant_tsc arch_perfmon pebs bts rep_good nopl xtopology nonstop_tsc aperfmperf eagerfpu pni pclmulqdq dtes64 monitor ds_cpl vmx est tm2 ssse3 cx16 xtpr pdcm pcid sse4_1 sse4_2 x2apic popcnt tsc_deadline_timer aes xsave avx lahf_lm ida arat epb xsaveopt pln pts dtherm tpr_shadow vnmi flexpriority ept vpid
bogomips	: 4589.60
clflush size	: 64
cache_alignment	: 64
address sizes	: 36 bits physical, 48 bits virtual
power management:



Memory: 4k page, physical 3993836k(1264160k free), swap 5995628k(4148720k free)

vm_info: Java HotSpot(TM) 64-Bit Server VM (25.40-b25) for linux-amd64 JRE (1.8.0_40-b25), built on Feb 10 2015 21:29:53 by "java_re" with gcc 4.3.0 20080428 (Red Hat 4.3.0-8)

time: Sat Mar 28 12:14:45 2015
elapsed time: 1 seconds (0d 0h 0m 1s)

